[2026-01-19 08:14:58] POST http://10.177.117.1:8000/agvapi/taskCreate
[2026-01-19 08:14:58] {
  "points": [
    {
      "point": "1052",
      "action": "up",
      "upType": 1,
      "isReport": false,
      "waitConfrim": false
    },
    {
      "point": "1384",
      "action": "down",
      "upType": 1,
      "isReport": false,
      "waitConfrim": false
    },
    {
      "point": "9",
      "action": "up",
      "upType": 1,
      "isReport": false,
      "waitConfrim": false
    },
    {
      "point": "1033",
      "action": "down",
      "upType": 1,
      "isReport": false,
      "waitConfrim": false
    }
  ],
  "carType": "0",
  "systemName": "mes",
  "score": 10000
}
[2026-01-19 08:22:03] POST http://10.177.117.1:8000/agvapi/taskCreate
[2026-01-19 08:22:03] {
  "points": [
    {
      "point": "263",
      "action": "up",
      "upType": 1,
      "isReport": false,
      "waitConfrim": false
    },
    {
      "point": "175",
      "action": "down",
      "upType": 1,
      "isReport": false,
      "waitConfrim": false
    },
    {
      "point": "1061",
      "action": "up",
      "upType": 1,
      "isReport": false,
      "waitConfrim": false
    },
    {
      "point": "1030",
      "action": "down",
      "upType": 1,
      "isReport": false,
      "waitConfrim": false
    }
  ],
  "carType": "0",
  "systemName": "mes",
  "score": 10000
}
[2026-01-19 08:24:37] POST http://10.177.117.1:8000/agvapi/taskCreate
[2026-01-19 08:24:37] {
  "points": [
    {
      "point": "1052",
      "action": "up",
      "upType": 1,
      "isReport": false,
      "waitConfrim": false
    },
    {
      "point": "1205",
      "action": "down",
      "upType": 1,
      "isReport": false,
      "waitConfrim": false
    },
    {
      "point": "1200",
      "action": "up",
      "upType": 1,
      "isReport": false,
      "waitConfrim": false
    },
    {
      "point": "1027",
      "action": "down",
      "upType": 1,
      "isReport": false,
      "waitConfrim": false
    }
  ],
  "carType": "0",
  "systemName": "mes",
  "score": 10000
}
[2026-01-19 08:43:38] POST http://10.177.117.1:8000/agvapi/taskCreate
[2026-01-19 08:43:38] {
  "points": [
    {
      "point": "263",
      "action": "up",
      "upType": 1,
      "isReport": false,
      "waitConfrim": false
    },
    {
      "point": "1037",
      "action": "down",
      "upType": 1,
      "isReport": false,
      "waitConfrim": false
    },
    {
      "point": "1067",
      "action": "up",
      "upType": 1,
      "isReport": false,
      "waitConfrim": false
    },
    {
      "point": "1033",
      "action": "down",
      "upType": 1,
      "isReport": false,
      "waitConfrim": false
    }
  ],
  "carType": "0",
  "systemName": "mes",
  "score": 10000
}
[2026-01-19 08:43:45] POST http://10.177.117.1:8000/agvapi/taskCreate
[2026-01-19 08:43:45] {
  "points": [
    {
      "point": "1052",
      "action": "up",
      "upType": 1,
      "isReport": false,
      "waitConfrim": false
    },
    {
      "point": "175",
      "action": "down",
      "upType": 1,
      "isReport": false,
      "waitConfrim": false
    },
    {
      "point": "1061",
      "action": "up",
      "upType": 1,
      "isReport": false,
      "waitConfrim": false
    },
    {
      "point": "1030",
      "action": "down",
      "upType": 1,
      "isReport": false,
      "waitConfrim": false
    }
  ],
  "carType": "0",
  "systemName": "mes",
  "score": 10000
}
[2026-01-19 08:59:14] POST http://10.177.117.1:8000/agvapi/taskCreate
[2026-01-19 08:59:14] {
  "points": [
    {
      "point": "263",
      "action": "up",
      "upType": 1,
      "isReport": false,
      "waitConfrim": false
    },
    {
      "point": "1384",
      "action": "down",
      "upType": 1,
      "isReport": false,
      "waitConfrim": false
    },
    {
      "point": "9",
      "action": "up",
      "upType": 1,
      "isReport": false,
      "waitConfrim": false
    },
    {
      "point": "1027",
      "action": "down",
      "upType": 1,
      "isReport": false,
      "waitConfrim": false
    }
  ],
  "carType": "0",
  "systemName": "mes",
  "score": 10000
}
[2026-01-19 09:45:05] POST http://10.177.117.1:8000/agvapi/taskCreate
[2026-01-19 09:45:05] {
  "points": [
    {
      "point": "263",
      "action": "up",
      "upType": 1,
      "isReport": false,
      "waitConfrim": false
    },
    {
      "point": "1384",
      "action": "down",
      "upType": 1,
      "isReport": false,
      "waitConfrim": false
    },
    {
      "point": "9",
      "action": "up",
      "upType": 1,
      "isReport": false,
      "waitConfrim": false
    },
    {
      "point": "1033",
      "action": "down",
      "upType": 1,
      "isReport": false,
      "waitConfrim": false
    }
  ],
  "carType": "0",
  "systemName": "mes",
  "score": 10000
}
[2026-01-19 09:45:15] POST http://10.177.117.1:8000/agvapi/taskCreate
[2026-01-19 09:45:15] {
  "points": [
    {
      "point": "1052",
      "action": "up",
      "upType": 1,
      "isReport": false,
      "waitConfrim": false
    },
    {
      "point": "1039",
      "action": "down",
      "upType": 1,
      "isReport": false,
      "waitConfrim": false
    },
    {
      "point": "1041",
      "action": "up",
      "upType": 1,
      "isReport": false,
      "waitConfrim": false
    },
    {
      "point": "1030",
      "action": "down",
      "upType": 1,
      "isReport": false,
      "waitConfrim": false
    }
  ],
  "carType": "0",
  "systemName": "mes",
  "score": 10000
}
[2026-01-19 10:03:55] POST http://10.177.117.1:8000/agvapi/taskCreate
[2026-01-19 10:03:55] {
  "points": [
    {
      "point": "1052",
      "action": "up",
      "upType": 1,
      "isReport": false,
      "waitConfrim": false
    },
    {
      "point": "1039",
      "action": "down",
      "upType": 1,
      "isReport": false,
      "waitConfrim": false
    },
    {
      "point": "1041",
      "action": "up",
      "upType": 1,
      "isReport": false,
      "waitConfrim": false
    },
    {
      "point": "1027",
      "action": "down",
      "upType": 1,
      "isReport": false,
      "waitConfrim": false
    }
  ],
  "carType": "0",
  "systemName": "mes",
  "score": 10000
}
[2026-01-19 10:04:03] POST http://10.177.117.1:8000/agvapi/taskCreate
[2026-01-19 10:04:03] {
  "points": [
    {
      "point": "263",
      "action": "up",
      "upType": 1,
      "isReport": false,
      "waitConfrim": false
    },
    {
      "point": "1384",
      "action": "down",
      "upType": 1,
      "isReport": false,
      "waitConfrim": false
    },
    {
      "point": "9",
      "action": "up",
      "upType": 1,
      "isReport": false,
      "waitConfrim": false
    },
    {
      "point": "1033",
      "action": "down",
      "upType": 1,
      "isReport": false,
      "waitConfrim": false
    }
  ],
  "carType": "0",
  "systemName": "mes",
  "score": 10000
}
[2026-01-19 10:34:43] POST http://10.177.117.1:8000/agvapi/taskCreate
[2026-01-19 10:34:43] {
  "points": [
    {
      "point": "263",
      "action": "up",
      "upType": 1,
      "isReport": false,
      "waitConfrim": false
    },
    {
      "point": "1384",
      "action": "down",
      "upType": 1,
      "isReport": false,
      "waitConfrim": false
    },
    {
      "point": "9",
      "action": "up",
      "upType": 1,
      "isReport": false,
      "waitConfrim": false
    },
    {
      "point": "1030",
      "action": "down",
      "upType": 1,
      "isReport": false,
      "waitConfrim": false
    }
  ],
  "carType": "0",
  "systemName": "mes",
  "score": 10000
}
[2026-01-19 10:37:18] POST http://10.177.117.1:8000/agvapi/taskCreate
[2026-01-19 10:37:18] {
  "points": [
    {
      "point": "1052",
      "action": "up",
      "upType": 1,
      "isReport": false,
      "waitConfrim": false
    },
    {
      "point": "1039",
      "action": "down",
      "upType": 1,
      "isReport": false,
      "waitConfrim": false
    },
    {
      "point": "1041",
      "action": "up",
      "upType": 1,
      "isReport": false,
      "waitConfrim": false
    },
    {
      "point": "1033",
      "action": "down",
      "upType": 1,
      "isReport": false,
      "waitConfrim": false
    }
  ],
  "carType": "0",
  "systemName": "mes",
  "score": 10000
}
[2026-01-19 10:58:45] POST http://10.177.117.1:8000/agvapi/taskCreate
[2026-01-19 10:58:45] {
  "points": [
    {
      "point": "1052",
      "action": "up",
      "upType": 1,
      "isReport": false,
      "waitConfrim": false
    },
    {
      "point": "1205",
      "action": "down",
      "upType": 1,
      "isReport": false,
      "waitConfrim": false
    },
    {
      "point": "1200",
      "action": "up",
      "upType": 1,
      "isReport": false,
      "waitConfrim": false
    },
    {
      "point": "1030",
      "action": "down",
      "upType": 1,
      "isReport": false,
      "waitConfrim": false
    }
  ],
  "carType": "0",
  "systemName": "mes",
  "score": 10000
}
[2026-01-19 10:58:59] POST http://10.177.117.1:8000/agvapi/taskCreate
[2026-01-19 10:58:59] {
  "points": [
    {
      "point": "263",
      "action": "up",
      "upType": 1,
      "isReport": false,
      "waitConfrim": false
    },
    {
      "point": "1384",
      "action": "down",
      "upType": 1,
      "isReport": false,
      "waitConfrim": false
    },
    {
      "point": "9",
      "action": "up",
      "upType": 1,
      "isReport": false,
      "waitConfrim": false
    },
    {
      "point": "1027",
      "action": "down",
      "upType": 1,
      "isReport": false,
      "waitConfrim": false
    }
  ],
  "carType": "0",
  "systemName": "mes",
  "score": 10000
}
[2026-01-19 13:01:27] POST http://10.177.117.1:8000/agvapi/taskCreate
[2026-01-19 13:01:27] {
  "points": [
    {
      "point": "263",
      "action": "up",
      "upType": 1,
      "isReport": false,
      "waitConfrim": false
    },
    {
      "point": "1384",
      "action": "down",
      "upType": 1,
      "isReport": false,
      "waitConfrim": false
    },
    {
      "point": "9",
      "action": "up",
      "upType": 1,
      "isReport": false,
      "waitConfrim": false
    },
    {
      "point": "1033",
      "action": "down",
      "upType": 1,
      "isReport": false,
      "waitConfrim": false
    }
  ],
  "carType": "0",
  "systemName": "mes",
  "score": 10000
}
[2026-01-19 13:01:35] POST http://10.177.117.1:8000/agvapi/taskCreate
[2026-01-19 13:01:35] {
  "points": [
    {
      "point": "1052",
      "action": "up",
      "upType": 1,
      "isReport": false,
      "waitConfrim": false
    },
    {
      "point": "1039",
      "action": "down",
      "upType": 1,
      "isReport": false,
      "waitConfrim": false
    },
    {
      "point": "1041",
      "action": "up",
      "upType": 1,
      "isReport": false,
      "waitConfrim": false
    },
    {
      "point": "1030",
      "action": "down",
      "upType": 1,
      "isReport": false,
      "waitConfrim": false
    }
  ],
  "carType": "0",
  "systemName": "mes",
  "score": 10000
}
[2026-01-19 13:16:35] POST http://10.177.117.1:8000/agvapi/taskCreate
[2026-01-19 13:16:35] {
  "points": [
    {
      "point": "263",
      "action": "up",
      "upType": 1,
      "isReport": false,
      "waitConfrim": false
    },
    {
      "point": "175",
      "action": "down",
      "upType": 1,
      "isReport": false,
      "waitConfrim": false
    },
    {
      "point": "1061",
      "action": "up",
      "upType": 1,
      "isReport": false,
      "waitConfrim": false
    },
    {
      "point": "1027",
      "action": "down",
      "upType": 1,
      "isReport": false,
      "waitConfrim": false
    }
  ],
  "carType": "0",
  "systemName": "mes",
  "score": 10000
}
[2026-01-19 13:20:53] POST http://10.177.117.1:8000/agvapi/taskCreate
[2026-01-19 13:20:53] {
  "points": [
    {
      "point": "1052",
      "action": "up",
      "upType": 1,
      "isReport": false,
      "waitConfrim": false
    },
    {
      "point": "1384",
      "action": "down",
      "upType": 1,
      "isReport": false,
      "waitConfrim": false
    },
    {
      "point": "9",
      "action": "up",
      "upType": 1,
      "isReport": false,
      "waitConfrim": false
    },
    {
      "point": "1033",
      "action": "down",
      "upType": 1,
      "isReport": false,
      "waitConfrim": false
    }
  ],
  "carType": "0",
  "systemName": "mes",
  "score": 10000
}
[2026-01-19 13:33:22] POST http://10.177.117.1:8000/agvapi/taskCreate
[2026-01-19 13:33:22] {
  "points": [
    {
      "point": "1052",
      "action": "up",
      "upType": 1,
      "isReport": false,
      "waitConfrim": false
    },
    {
      "point": "1205",
      "action": "down",
      "upType": 1,
      "isReport": false,
      "waitConfrim": false
    },
    {
      "point": "1200",
      "action": "up",
      "upType": 1,
      "isReport": false,
      "waitConfrim": false
    },
    {
      "point": "1030",
      "action": "down",
      "upType": 1,
      "isReport": false,
      "waitConfrim": false
    }
  ],
  "carType": "0",
  "systemName": "mes",
  "score": 10000
}
[2026-01-19 13:48:58] POST http://10.177.117.1:8000/agvapi/taskCreate
[2026-01-19 13:48:58] {
  "points": [
    {
      "point": "263",
      "action": "up",
      "upType": 1,
      "isReport": false,
      "waitConfrim": false
    },
    {
      "point": "1384",
      "action": "down",
      "upType": 1,
      "isReport": false,
      "waitConfrim": false
    },
    {
      "point": "9",
      "action": "up",
      "upType": 1,
      "isReport": false,
      "waitConfrim": false
    },
    {
      "point": "1027",
      "action": "down",
      "upType": 1,
      "isReport": false,
      "waitConfrim": false
    }
  ],
  "carType": "0",
  "systemName": "mes",
  "score": 10000
}
[2026-01-19 13:49:06] POST http://10.177.117.1:8000/agvapi/taskCreate
[2026-01-19 13:49:06] {
  "points": [
    {
      "point": "1052",
      "action": "up",
      "upType": 1,
      "isReport": false,
      "waitConfrim": false
    },
    {
      "point": "1205",
      "action": "down",
      "upType": 1,
      "isReport": false,
      "waitConfrim": false
    },
    {
      "point": "1200",
      "action": "up",
      "upType": 1,
      "isReport": false,
      "waitConfrim": false
    },
    {
      "point": "1033",
      "action": "down",
      "upType": 1,
      "isReport": false,
      "waitConfrim": false
    }
  ],
  "carType": "0",
  "systemName": "mes",
  "score": 10000
}
[2026-01-19 13:58:25] POST http://10.177.117.1:8000/agvapi/taskCreate
[2026-01-19 13:58:25] {
  "points": [
    {
      "point": "263",
      "action": "up",
      "upType": 1,
      "isReport": false,
      "waitConfrim": false
    },
    {
      "point": "1039",
      "action": "down",
      "upType": 1,
      "isReport": false,
      "waitConfrim": false
    },
    {
      "point": "1041",
      "action": "up",
      "upType": 1,
      "isReport": false,
      "waitConfrim": false
    },
    {
      "point": "1030",
      "action": "down",
      "upType": 1,
      "isReport": false,
      "waitConfrim": false
    }
  ],
  "carType": "0",
  "systemName": "mes",
  "score": 10000
}
[2026-01-19 14:45:29] POST http://10.177.117.1:8000/agvapi/taskCreate
[2026-01-19 14:45:29] {
  "points": [
    {
      "point": "1052",
      "action": "up",
      "upType": 1,
      "isReport": false,
      "waitConfrim": false
    },
    {
      "point": "1384",
      "action": "down",
      "upType": 1,
      "isReport": false,
      "waitConfrim": false
    },
    {
      "point": "9",
      "action": "up",
      "upType": 1,
      "isReport": false,
      "waitConfrim": false
    },
    {
      "point": "1027",
      "action": "down",
      "upType": 1,
      "isReport": false,
      "waitConfrim": false
    }
  ],
  "carType": "0",
  "systemName": "mes",
  "score": 10000
}
[2026-01-19 14:46:10] POST http://10.177.117.1:8000/agvapi/taskCreate
[2026-01-19 14:46:10] {
  "points": [
    {
      "point": "263",
      "action": "up",
      "upType": 1,
      "isReport": false,
      "waitConfrim": false
    },
    {
      "point": "1205",
      "action": "down",
      "upType": 1,
      "isReport": false,
      "waitConfrim": false
    },
    {
      "point": "1200",
      "action": "up",
      "upType": 1,
      "isReport": false,
      "waitConfrim": false
    },
    {
      "point": "1033",
      "action": "down",
      "upType": 1,
      "isReport": false,
      "waitConfrim": false
    }
  ],
  "carType": "0",
  "systemName": "mes",
  "score": 10000
}
[2026-01-19 14:52:47] POST http://10.177.117.1:8000/agvapi/taskCreate
[2026-01-19 14:52:47] {
  "points": [
    {
      "point": "263",
      "action": "up",
      "upType": 1,
      "isReport": false,
      "waitConfrim": false
    },
    {
      "point": "1039",
      "action": "down",
      "upType": 1,
      "isReport": false,
      "waitConfrim": false
    },
    {
      "point": "1041",
      "action": "up",
      "upType": 1,
      "isReport": false,
      "waitConfrim": false
    },
    {
      "point": "1030",
      "action": "down",
      "upType": 1,
      "isReport": false,
      "waitConfrim": false
    }
  ],
  "carType": "0",
  "systemName": "mes",
  "score": 10000
}
[2026-01-19 15:24:29] POST http://10.177.117.1:8000/agvapi/taskCreate
[2026-01-19 15:24:29] {
  "points": [
    {
      "point": "1052",
      "action": "up",
      "upType": 1,
      "isReport": false,
      "waitConfrim": false
    },
    {
      "point": "1384",
      "action": "down",
      "upType": 1,
      "isReport": false,
      "waitConfrim": false
    },
    {
      "point": "9",
      "action": "up",
      "upType": 1,
      "isReport": false,
      "waitConfrim": false
    },
    {
      "point": "1033",
      "action": "down",
      "upType": 1,
      "isReport": false,
      "waitConfrim": false
    }
  ],
  "carType": "0",
  "systemName": "mes",
  "score": 10000
}
[2026-01-19 16:08:32] POST http://10.177.117.1:8000/agvapi/taskCreate
[2026-01-19 16:08:32] {
  "points": [
    {
      "point": "263",
      "action": "up",
      "upType": 1,
      "isReport": false,
      "waitConfrim": false
    },
    {
      "point": "1384",
      "action": "down",
      "upType": 1,
      "isReport": false,
      "waitConfrim": false
    },
    {
      "point": "9",
      "action": "up",
      "upType": 1,
      "isReport": false,
      "waitConfrim": false
    },
    {
      "point": "1033",
      "action": "down",
      "upType": 1,
      "isReport": false,
      "waitConfrim": false
    }
  ],
  "carType": "0",
  "systemName": "mes",
  "score": 10000
}
[2026-01-19 16:08:44] POST http://10.177.117.1:8000/agvapi/taskCreate
[2026-01-19 16:08:44] {
  "points": [
    {
      "point": "1052",
      "action": "up",
      "upType": 1,
      "isReport": false,
      "waitConfrim": false
    },
    {
      "point": "1039",
      "action": "down",
      "upType": 1,
      "isReport": false,
      "waitConfrim": false
    },
    {
      "point": "1041",
      "action": "up",
      "upType": 1,
      "isReport": false,
      "waitConfrim": false
    },
    {
      "point": "1030",
      "action": "down",
      "upType": 1,
      "isReport": false,
      "waitConfrim": false
    }
  ],
  "carType": "0",
  "systemName": "mes",
  "score": 10000
}
[2026-01-19 16:21:57] POST http://10.177.117.1:8000/agvapi/taskCreate
[2026-01-19 16:21:57] {
  "points": [
    {
      "point": "1052",
      "action": "up",
      "upType": 1,
      "isReport": false,
      "waitConfrim": false
    },
    {
      "point": "1037",
      "action": "down",
      "upType": 1,
      "isReport": false,
      "waitConfrim": false
    },
    {
      "point": "1067",
      "action": "up",
      "upType": 1,
      "isReport": false,
      "waitConfrim": false
    },
    {
      "point": "1027",
      "action": "down",
      "upType": 1,
      "isReport": false,
      "waitConfrim": false
    }
  ],
  "carType": "0",
  "systemName": "mes",
  "score": 10000
}
[2026-01-19 16:34:43] POST http://10.177.117.1:8000/agvapi/taskCreate
[2026-01-19 16:34:43] {
  "points": [
    {
      "point": "263",
      "action": "up",
      "upType": 1,
      "isReport": false,
      "waitConfrim": false
    },
    {
      "point": "1384",
      "action": "down",
      "upType": 1,
      "isReport": false,
      "waitConfrim": false
    },
    {
      "point": "9",
      "action": "up",
      "upType": 1,
      "isReport": false,
      "waitConfrim": false
    },
    {
      "point": "1033",
      "action": "down",
      "upType": 1,
      "isReport": false,
      "waitConfrim": false
    }
  ],
  "carType": "0",
  "systemName": "mes",
  "score": 10000
}
[2026-01-19 16:34:52] POST http://10.177.117.1:8000/agvapi/taskCreate
[2026-01-19 16:34:52] {
  "points": [
    {
      "point": "1052",
      "action": "up",
      "upType": 1,
      "isReport": false,
      "waitConfrim": false
    },
    {
      "point": "1205",
      "action": "down",
      "upType": 1,
      "isReport": false,
      "waitConfrim": false
    },
    {
      "point": "1200",
      "action": "up",
      "upType": 1,
      "isReport": false,
      "waitConfrim": false
    },
    {
      "point": "1030",
      "action": "down",
      "upType": 1,
      "isReport": false,
      "waitConfrim": false
    }
  ],
  "carType": "0",
  "systemName": "mes",
  "score": 10000
}
[2026-01-19 17:03:29] POST http://10.177.117.1:8000/agvapi/taskCreate
[2026-01-19 17:03:29] {
  "points": [
    {
      "point": "263",
      "action": "up",
      "upType": 1,
      "isReport": false,
      "waitConfrim": false
    },
    {
      "point": "1384",
      "action": "down",
      "upType": 1,
      "isReport": false,
      "waitConfrim": false
    },
    {
      "point": "9",
      "action": "up",
      "upType": 1,
      "isReport": false,
      "waitConfrim": false
    },
    {
      "point": "1027",
      "action": "down",
      "upType": 1,
      "isReport": false,
      "waitConfrim": false
    }
  ],
  "carType": "0",
  "systemName": "mes",
  "score": 10000
}
[2026-01-19 18:02:03] POST http://10.177.117.1:8000/agvapi/taskCreate
[2026-01-19 18:02:03] {
  "points": [
    {
      "point": "1052",
      "action": "up",
      "upType": 1,
      "isReport": false,
      "waitConfrim": false
    },
    {
      "point": "1384",
      "action": "down",
      "upType": 1,
      "isReport": false,
      "waitConfrim": false
    },
    {
      "point": "9",
      "action": "up",
      "upType": 1,
      "isReport": false,
      "waitConfrim": false
    },
    {
      "point": "1033",
      "action": "down",
      "upType": 1,
      "isReport": false,
      "waitConfrim": false
    }
  ],
  "carType": "0",
  "systemName": "mes",
  "score": 10000
}
[2026-01-19 18:02:15] POST http://10.177.117.1:8000/agvapi/taskCreate
[2026-01-19 18:02:15] {
  "points": [
    {
      "point": "263",
      "action": "up",
      "upType": 1,
      "isReport": false,
      "waitConfrim": false
    },
    {
      "point": "1039",
      "action": "down",
      "upType": 1,
      "isReport": false,
      "waitConfrim": false
    },
    {
      "point": "1041",
      "action": "up",
      "upType": 1,
      "isReport": false,
      "waitConfrim": false
    },
    {
      "point": "1030",
      "action": "down",
      "upType": 1,
      "isReport": false,
      "waitConfrim": false
    }
  ],
  "carType": "0",
  "systemName": "mes",
  "score": 10000
}
[2026-01-19 18:08:01] POST http://10.177.117.1:8000/agvapi/taskCreate
[2026-01-19 18:08:01] {
  "points": [
    {
      "point": "1052",
      "action": "up",
      "upType": 1,
      "isReport": false,
      "waitConfrim": false
    },
    {
      "point": "1039",
      "action": "down",
      "upType": 1,
      "isReport": false,
      "waitConfrim": false
    },
    {
      "point": "1041",
      "action": "up",
      "upType": 1,
      "isReport": false,
      "waitConfrim": false
    },
    {
      "point": "1027",
      "action": "down",
      "upType": 1,
      "isReport": false,
      "waitConfrim": false
    }
  ],
  "carType": "0",
  "systemName": "mes",
  "score": 10000
}
[2026-01-19 18:23:16] POST http://10.177.117.1:8000/agvapi/taskCreate
[2026-01-19 18:23:16] {
  "points": [
    {
      "point": "1052",
      "action": "up",
      "upType": 1,
      "isReport": false,
      "waitConfrim": false
    },
    {
      "point": "996",
      "action": "down",
      "upType": 1,
      "isReport": false,
      "waitConfrim": false
    },
    {
      "point": "995",
      "action": "up",
      "upType": 1,
      "isReport": false,
      "waitConfrim": false
    },
    {
      "point": "1033",
      "action": "down",
      "upType": 1,
      "isReport": false,
      "waitConfrim": false
    }
  ],
  "carType": "0",
  "systemName": "mes",
  "score": 10000
}
[2026-01-19 18:23:36] POST http://10.177.117.1:8000/agvapi/taskCreate
[2026-01-19 18:23:36] {
  "points": [
    {
      "point": "263",
      "action": "up",
      "upType": 1,
      "isReport": false,
      "waitConfrim": false
    },
    {
      "point": "1039",
      "action": "down",
      "upType": 1,
      "isReport": false,
      "waitConfrim": false
    },
    {
      "point": "1041",
      "action": "up",
      "upType": 1,
      "isReport": false,
      "waitConfrim": false
    },
    {
      "point": "1030",
      "action": "down",
      "upType": 1,
      "isReport": false,
      "waitConfrim": false
    }
  ],
  "carType": "0",
  "systemName": "mes",
  "score": 10000
}
[2026-01-19 19:16:20] POST http://10.177.117.1:8000/agvapi/taskCreate
[2026-01-19 19:16:20] {
  "points": [
    {
      "point": "263",
      "action": "up",
      "upType": 1,
      "isReport": false,
      "waitConfrim": false
    },
    {
      "point": "1039",
      "action": "down",
      "upType": 1,
      "isReport": false,
      "waitConfrim": false
    },
    {
      "point": "1041",
      "action": "up",
      "upType": 1,
      "isReport": false,
      "waitConfrim": false
    },
    {
      "point": "1027",
      "action": "down",
      "upType": 1,
      "isReport": false,
      "waitConfrim": false
    }
  ],
  "carType": "0",
  "systemName": "mes",
  "score": 10000
}
[2026-01-19 19:19:39] POST http://10.177.117.1:8000/agvapi/taskCreate
[2026-01-19 19:19:39] {
  "points": [
    {
      "point": "263",
      "action": "up",
      "upType": 1,
      "isReport": false,
      "waitConfrim": false
    },
    {
      "point": "1039",
      "action": "down",
      "upType": 1,
      "isReport": false,
      "waitConfrim": false
    },
    {
      "point": "1041",
      "action": "up",
      "upType": 1,
      "isReport": false,
      "waitConfrim": false
    },
    {
      "point": "1027",
      "action": "down",
      "upType": 1,
      "isReport": false,
      "waitConfrim": false
    }
  ],
  "carType": "0",
  "systemName": "mes",
  "score": 10000
}
[2026-01-19 19:20:21] POST http://10.177.117.1:8000/agvapi/taskCreate
[2026-01-19 19:20:21] {
  "points": [
    {
      "point": "263",
      "action": "up",
      "upType": 1,
      "isReport": false,
      "waitConfrim": false
    },
    {
      "point": "1039",
      "action": "down",
      "upType": 1,
      "isReport": false,
      "waitConfrim": false
    },
    {
      "point": "1041",
      "action": "up",
      "upType": 1,
      "isReport": false,
      "waitConfrim": false
    },
    {
      "point": "1027",
      "action": "down",
      "upType": 1,
      "isReport": false,
      "waitConfrim": false
    }
  ],
  "carType": "0",
  "systemName": "mes",
  "score": 10000
}
