[2026-01-16 08:10:03] POST http://10.177.117.1:8000/agvapi/taskCreate
[2026-01-16 08:10:03] {
  "points": [
    {
      "point": "263",
      "action": "up",
      "upType": 1,
      "isReport": false,
      "waitConfrim": false
    },
    {
      "point": "9",
      "action": "down",
      "upType": 1,
      "isReport": false,
      "waitConfrim": false
    },
    {
      "point": "10",
      "action": "up",
      "upType": 1,
      "isReport": false,
      "waitConfrim": false
    },
    {
      "point": "1033",
      "action": "down",
      "upType": 1,
      "isReport": false,
      "waitConfrim": false
    }
  ],
  "carType": "0",
  "systemName": "mes",
  "score": 10000
}
[2026-01-16 08:23:22] POST http://10.177.117.1:8000/agvapi/taskCreate
[2026-01-16 08:23:22] {
  "points": [
    {
      "point": "1052",
      "action": "up",
      "upType": 1,
      "isReport": false,
      "waitConfrim": false
    },
    {
      "point": "1039",
      "action": "down",
      "upType": 1,
      "isReport": false,
      "waitConfrim": false
    },
    {
      "point": "1041",
      "action": "up",
      "upType": 1,
      "isReport": false,
      "waitConfrim": false
    },
    {
      "point": "1030",
      "action": "down",
      "upType": 1,
      "isReport": false,
      "waitConfrim": false
    }
  ],
  "carType": "0",
  "systemName": "mes",
  "score": 10000
}
[2026-01-16 08:26:48] POST http://10.177.117.1:8000/agvapi/taskCreate
[2026-01-16 08:26:48] {
  "points": [
    {
      "point": "263",
      "action": "up",
      "upType": 1,
      "isReport": false,
      "waitConfrim": false
    },
    {
      "point": "991",
      "action": "down",
      "upType": 1,
      "isReport": false,
      "waitConfrim": false
    },
    {
      "point": "989",
      "action": "up",
      "upType": 1,
      "isReport": false,
      "waitConfrim": false
    },
    {
      "point": "1027",
      "action": "down",
      "upType": 1,
      "isReport": false,
      "waitConfrim": false
    }
  ],
  "carType": "0",
  "systemName": "mes",
  "score": 10000
}
[2026-01-16 08:36:25] POST http://10.177.117.1:8000/agvapi/taskCreate
[2026-01-16 08:36:25] {
  "points": [
    {
      "point": "1052",
      "action": "up",
      "upType": 1,
      "isReport": false,
      "waitConfrim": false
    },
    {
      "point": "1039",
      "action": "down",
      "upType": 1,
      "isReport": false,
      "waitConfrim": false
    },
    {
      "point": "1041",
      "action": "up",
      "upType": 1,
      "isReport": false,
      "waitConfrim": false
    },
    {
      "point": "1030",
      "action": "down",
      "upType": 1,
      "isReport": false,
      "waitConfrim": false
    }
  ],
  "carType": "0",
  "systemName": "mes",
  "score": 10000
}
[2026-01-16 08:57:12] POST http://10.177.117.1:8000/agvapi/taskCreate
[2026-01-16 08:57:12] {
  "points": [
    {
      "point": "263",
      "action": "up",
      "upType": 1,
      "isReport": false,
      "waitConfrim": false
    },
    {
      "point": "9",
      "action": "down",
      "upType": 1,
      "isReport": false,
      "waitConfrim": false
    },
    {
      "point": "10",
      "action": "up",
      "upType": 1,
      "isReport": false,
      "waitConfrim": false
    },
    {
      "point": "1033",
      "action": "down",
      "upType": 1,
      "isReport": false,
      "waitConfrim": false
    }
  ],
  "carType": "0",
  "systemName": "mes",
  "score": 10000
}
[2026-01-16 09:01:25] POST http://10.177.117.1:8000/agvapi/taskCreate
[2026-01-16 09:01:25] {
  "points": [
    {
      "point": "1052",
      "action": "up",
      "upType": 1,
      "isReport": false,
      "waitConfrim": false
    },
    {
      "point": "175",
      "action": "down",
      "upType": 1,
      "isReport": false,
      "waitConfrim": false
    },
    {
      "point": "1061",
      "action": "up",
      "upType": 1,
      "isReport": false,
      "waitConfrim": false
    },
    {
      "point": "1027",
      "action": "down",
      "upType": 1,
      "isReport": false,
      "waitConfrim": false
    }
  ],
  "carType": "0",
  "systemName": "mes",
  "score": 10000
}
[2026-01-16 09:06:14] POST http://10.177.117.1:8000/agvapi/taskCreate
[2026-01-16 09:06:14] {
  "points": [
    {
      "point": "1052",
      "action": "up",
      "upType": 1,
      "isReport": false,
      "waitConfrim": false
    },
    {
      "point": "805",
      "action": "down",
      "upType": 1,
      "isReport": false,
      "waitConfrim": false
    },
    {
      "point": "804",
      "action": "up",
      "upType": 1,
      "isReport": false,
      "waitConfrim": false
    },
    {
      "point": "1030",
      "action": "down",
      "upType": 1,
      "isReport": false,
      "waitConfrim": false
    }
  ],
  "carType": "0",
  "systemName": "mes",
  "score": 10000
}
[2026-01-16 09:19:30] POST http://10.177.117.1:8000/agvapi/taskCreate
[2026-01-16 09:19:30] {
  "points": [
    {
      "point": "1052",
      "action": "up",
      "upType": 1,
      "isReport": false,
      "waitConfrim": false
    },
    {
      "point": "1039",
      "action": "down",
      "upType": 1,
      "isReport": false,
      "waitConfrim": false
    },
    {
      "point": "1041",
      "action": "up",
      "upType": 1,
      "isReport": false,
      "waitConfrim": false
    },
    {
      "point": "1033",
      "action": "down",
      "upType": 1,
      "isReport": false,
      "waitConfrim": false
    }
  ],
  "carType": "0",
  "systemName": "mes",
  "score": 10000
}
[2026-01-16 09:30:56] POST http://10.177.117.1:8000/agvapi/taskCreate
[2026-01-16 09:30:56] {
  "points": [
    {
      "point": "263",
      "action": "up",
      "upType": 1,
      "isReport": false,
      "waitConfrim": false
    },
    {
      "point": "9",
      "action": "down",
      "upType": 1,
      "isReport": false,
      "waitConfrim": false
    },
    {
      "point": "10",
      "action": "up",
      "upType": 1,
      "isReport": false,
      "waitConfrim": false
    },
    {
      "point": "1027",
      "action": "down",
      "upType": 1,
      "isReport": false,
      "waitConfrim": false
    }
  ],
  "carType": "0",
  "systemName": "mes",
  "score": 10000
}
[2026-01-16 09:36:36] POST http://10.177.117.1:8000/agvapi/taskCreate
[2026-01-16 09:36:36] {
  "points": [
    {
      "point": "263",
      "action": "up",
      "upType": 1,
      "isReport": false,
      "waitConfrim": false
    },
    {
      "point": "1037",
      "action": "down",
      "upType": 1,
      "isReport": false,
      "waitConfrim": false
    },
    {
      "point": "1067",
      "action": "up",
      "upType": 1,
      "isReport": false,
      "waitConfrim": false
    },
    {
      "point": "1030",
      "action": "down",
      "upType": 1,
      "isReport": false,
      "waitConfrim": false
    }
  ],
  "carType": "0",
  "systemName": "mes",
  "score": 10000
}
[2026-01-16 09:59:51] POST http://10.177.117.1:8000/agvapi/taskCreate
[2026-01-16 09:59:51] {
  "points": [
    {
      "point": "1052",
      "action": "up",
      "upType": 1,
      "isReport": false,
      "waitConfrim": false
    },
    {
      "point": "1037",
      "action": "down",
      "upType": 1,
      "isReport": false,
      "waitConfrim": false
    },
    {
      "point": "1067",
      "action": "up",
      "upType": 1,
      "isReport": false,
      "waitConfrim": false
    },
    {
      "point": "1030",
      "action": "down",
      "upType": 1,
      "isReport": false,
      "waitConfrim": false
    }
  ],
  "carType": "0",
  "systemName": "mes",
  "score": 10000
}
[2026-01-16 10:03:58] POST http://10.177.117.1:8000/agvapi/taskCreate
[2026-01-16 10:03:58] {
  "points": [
    {
      "point": "263",
      "action": "up",
      "upType": 1,
      "isReport": false,
      "waitConfrim": false
    },
    {
      "point": "9",
      "action": "down",
      "upType": 1,
      "isReport": false,
      "waitConfrim": false
    },
    {
      "point": "10",
      "action": "up",
      "upType": 1,
      "isReport": false,
      "waitConfrim": false
    },
    {
      "point": "1033",
      "action": "down",
      "upType": 1,
      "isReport": false,
      "waitConfrim": false
    }
  ],
  "carType": "0",
  "systemName": "mes",
  "score": 10000
}
[2026-01-16 10:12:57] POST http://10.177.117.1:8000/agvapi/taskCreate
[2026-01-16 10:12:57] {
  "points": [
    {
      "point": "1052",
      "action": "up",
      "upType": 1,
      "isReport": false,
      "waitConfrim": false
    },
    {
      "point": "1205",
      "action": "down",
      "upType": 1,
      "isReport": false,
      "waitConfrim": false
    },
    {
      "point": "1200",
      "action": "up",
      "upType": 1,
      "isReport": false,
      "waitConfrim": false
    },
    {
      "point": "1027",
      "action": "down",
      "upType": 1,
      "isReport": false,
      "waitConfrim": false
    }
  ],
  "carType": "0",
  "systemName": "mes",
  "score": 10000
}
[2026-01-16 10:27:19] POST http://10.177.117.1:8000/agvapi/taskCreate
[2026-01-16 10:27:19] {
  "points": [
    {
      "point": "263",
      "action": "up",
      "upType": 1,
      "isReport": false,
      "waitConfrim": false
    },
    {
      "point": "9",
      "action": "down",
      "upType": 1,
      "isReport": false,
      "waitConfrim": false
    },
    {
      "point": "10",
      "action": "up",
      "upType": 1,
      "isReport": false,
      "waitConfrim": false
    },
    {
      "point": "1030",
      "action": "down",
      "upType": 1,
      "isReport": false,
      "waitConfrim": false
    }
  ],
  "carType": "0",
  "systemName": "mes",
  "score": 10000
}
[2026-01-16 10:29:50] POST http://10.177.117.1:8000/agvapi/taskCreate
[2026-01-16 10:29:50] {
  "points": [
    {
      "point": "1052",
      "action": "up",
      "upType": 1,
      "isReport": false,
      "waitConfrim": false
    },
    {
      "point": "1205",
      "action": "down",
      "upType": 1,
      "isReport": false,
      "waitConfrim": false
    }
  ],
  "carType": "0",
  "systemName": "mes",
  "score": 10000
}
[2026-01-16 10:47:04] POST http://10.177.117.1:8000/agvapi/taskCreate
[2026-01-16 10:47:04] {
  "points": [
    {
      "point": "263",
      "action": "up",
      "upType": 1,
      "isReport": false,
      "waitConfrim": false
    },
    {
      "point": "9",
      "action": "down",
      "upType": 1,
      "isReport": false,
      "waitConfrim": false
    },
    {
      "point": "10",
      "action": "up",
      "upType": 1,
      "isReport": false,
      "waitConfrim": false
    },
    {
      "point": "1033",
      "action": "down",
      "upType": 1,
      "isReport": false,
      "waitConfrim": false
    }
  ],
  "carType": "0",
  "systemName": "mes",
  "score": 10000
}
[2026-01-16 11:01:40] POST http://10.177.117.1:8000/agvapi/taskCreate
[2026-01-16 11:01:40] {
  "points": [
    {
      "point": "263",
      "action": "up",
      "upType": 1,
      "isReport": false,
      "waitConfrim": false
    },
    {
      "point": "9",
      "action": "down",
      "upType": 1,
      "isReport": false,
      "waitConfrim": false
    },
    {
      "point": "10",
      "action": "up",
      "upType": 1,
      "isReport": false,
      "waitConfrim": false
    },
    {
      "point": "1030",
      "action": "down",
      "upType": 1,
      "isReport": false,
      "waitConfrim": false
    }
  ],
  "carType": "0",
  "systemName": "mes",
  "score": 10000
}
[2026-01-16 11:09:16] POST http://10.177.117.1:8000/agvapi/taskCreate
[2026-01-16 11:09:16] {
  "points": [
    {
      "point": "263",
      "action": "up",
      "upType": 1,
      "isReport": false,
      "waitConfrim": false
    },
    {
      "point": "1039",
      "action": "down",
      "upType": 1,
      "isReport": false,
      "waitConfrim": false
    },
    {
      "point": "1041",
      "action": "up",
      "upType": 1,
      "isReport": false,
      "waitConfrim": false
    },
    {
      "point": "1033",
      "action": "down",
      "upType": 1,
      "isReport": false,
      "waitConfrim": false
    }
  ],
  "carType": "0",
  "systemName": "mes",
  "score": 10000
}
[2026-01-16 13:01:40] POST http://10.177.117.1:8000/agvapi/taskCreate
[2026-01-16 13:01:40] {
  "points": [
    {
      "point": "263",
      "action": "up",
      "upType": 1,
      "isReport": false,
      "waitConfrim": false
    },
    {
      "point": "1039",
      "action": "down",
      "upType": 1,
      "isReport": false,
      "waitConfrim": false
    },
    {
      "point": "1041",
      "action": "up",
      "upType": 1,
      "isReport": false,
      "waitConfrim": false
    },
    {
      "point": "1033",
      "action": "down",
      "upType": 1,
      "isReport": false,
      "waitConfrim": false
    }
  ],
  "carType": "0",
  "systemName": "mes",
  "score": 10000
}
[2026-01-16 13:01:52] POST http://10.177.117.1:8000/agvapi/taskCreate
[2026-01-16 13:01:52] {
  "points": [
    {
      "point": "1052",
      "action": "up",
      "upType": 1,
      "isReport": false,
      "waitConfrim": false
    },
    {
      "point": "9",
      "action": "down",
      "upType": 1,
      "isReport": false,
      "waitConfrim": false
    },
    {
      "point": "10",
      "action": "up",
      "upType": 1,
      "isReport": false,
      "waitConfrim": false
    },
    {
      "point": "1030",
      "action": "down",
      "upType": 1,
      "isReport": false,
      "waitConfrim": false
    }
  ],
  "carType": "0",
  "systemName": "mes",
  "score": 10000
}
[2026-01-16 13:20:12] POST http://10.177.117.1:8000/agvapi/taskCreate
[2026-01-16 13:20:12] {
  "points": [
    {
      "point": "1052",
      "action": "up",
      "upType": 1,
      "isReport": false,
      "waitConfrim": false
    },
    {
      "point": "987",
      "action": "down",
      "upType": 1,
      "isReport": false,
      "waitConfrim": false
    },
    {
      "point": "985",
      "action": "up",
      "upType": 1,
      "isReport": false,
      "waitConfrim": false
    },
    {
      "point": "1027",
      "action": "down",
      "upType": 1,
      "isReport": false,
      "waitConfrim": false
    }
  ],
  "carType": "0",
  "systemName": "mes",
  "score": 10000
}
[2026-01-16 13:26:39] POST http://10.177.117.1:8000/agvapi/taskCreate
[2026-01-16 13:26:39] {
  "points": [
    {
      "point": "263",
      "action": "up",
      "upType": 1,
      "isReport": false,
      "waitConfrim": false
    },
    {
      "point": "1205",
      "action": "down",
      "upType": 1,
      "isReport": false,
      "waitConfrim": false
    },
    {
      "point": "1200",
      "action": "up",
      "upType": 1,
      "isReport": false,
      "waitConfrim": false
    },
    {
      "point": "1033",
      "action": "down",
      "upType": 1,
      "isReport": false,
      "waitConfrim": false
    }
  ],
  "carType": "0",
  "systemName": "mes",
  "score": 10000
}
[2026-01-16 13:36:36] POST http://10.177.117.1:8000/agvapi/taskCreate
[2026-01-16 13:36:36] {
  "points": [
    {
      "point": "263",
      "action": "up",
      "upType": 1,
      "isReport": false,
      "waitConfrim": false
    },
    {
      "point": "175",
      "action": "down",
      "upType": 1,
      "isReport": false,
      "waitConfrim": false
    },
    {
      "point": "1061",
      "action": "up",
      "upType": 1,
      "isReport": false,
      "waitConfrim": false
    },
    {
      "point": "1030",
      "action": "down",
      "upType": 1,
      "isReport": false,
      "waitConfrim": false
    }
  ],
  "carType": "0",
  "systemName": "mes",
  "score": 10000
}
[2026-01-16 13:36:50] POST http://10.177.117.1:8000/agvapi/taskCreate
[2026-01-16 13:36:50] {
  "points": [
    {
      "point": "1052",
      "action": "up",
      "upType": 1,
      "isReport": false,
      "waitConfrim": false
    },
    {
      "point": "9",
      "action": "down",
      "upType": 1,
      "isReport": false,
      "waitConfrim": false
    },
    {
      "point": "10",
      "action": "up",
      "upType": 1,
      "isReport": false,
      "waitConfrim": false
    },
    {
      "point": "1027",
      "action": "down",
      "upType": 1,
      "isReport": false,
      "waitConfrim": false
    }
  ],
  "carType": "0",
  "systemName": "mes",
  "score": 10000
}
[2026-01-16 14:01:09] POST http://10.177.117.1:8000/agvapi/taskCreate
[2026-01-16 14:01:09] {
  "points": [
    {
      "point": "263",
      "action": "up",
      "upType": 1,
      "isReport": false,
      "waitConfrim": false
    },
    {
      "point": "9",
      "action": "down",
      "upType": 1,
      "isReport": false,
      "waitConfrim": false
    },
    {
      "point": "10",
      "action": "up",
      "upType": 1,
      "isReport": false,
      "waitConfrim": false
    },
    {
      "point": "1033",
      "action": "down",
      "upType": 1,
      "isReport": false,
      "waitConfrim": false
    }
  ],
  "carType": "0",
  "systemName": "mes",
  "score": 10000
}
[2026-01-16 14:21:20] POST http://10.177.117.1:8000/agvapi/taskCreate
[2026-01-16 14:21:20] {
  "points": [
    {
      "point": "1052",
      "action": "up",
      "upType": 1,
      "isReport": false,
      "waitConfrim": false
    },
    {
      "point": "9",
      "action": "down",
      "upType": 1,
      "isReport": false,
      "waitConfrim": false
    },
    {
      "point": "10",
      "action": "up",
      "upType": 1,
      "isReport": false,
      "waitConfrim": false
    },
    {
      "point": "1030",
      "action": "down",
      "upType": 1,
      "isReport": false,
      "waitConfrim": false
    }
  ],
  "carType": "0",
  "systemName": "mes",
  "score": 10000
}
[2026-01-16 14:29:32] POST http://10.177.117.1:8000/agvapi/taskCreate
[2026-01-16 14:29:32] {
  "points": [
    {
      "point": "1052",
      "action": "up",
      "upType": 1,
      "isReport": false,
      "waitConfrim": false
    },
    {
      "point": "1039",
      "action": "down",
      "upType": 1,
      "isReport": false,
      "waitConfrim": false
    },
    {
      "point": "1041",
      "action": "up",
      "upType": 1,
      "isReport": false,
      "waitConfrim": false
    },
    {
      "point": "1027",
      "action": "down",
      "upType": 1,
      "isReport": false,
      "waitConfrim": false
    }
  ],
  "carType": "0",
  "systemName": "mes",
  "score": 10000
}
[2026-01-16 14:46:03] POST http://10.177.117.1:8000/agvapi/taskCreate
[2026-01-16 14:46:03] {
  "points": [
    {
      "point": "1052",
      "action": "up",
      "upType": 1,
      "isReport": false,
      "waitConfrim": false
    },
    {
      "point": "1039",
      "action": "down",
      "upType": 1,
      "isReport": false,
      "waitConfrim": false
    },
    {
      "point": "1041",
      "action": "up",
      "upType": 1,
      "isReport": false,
      "waitConfrim": false
    },
    {
      "point": "1033",
      "action": "down",
      "upType": 1,
      "isReport": false,
      "waitConfrim": false
    }
  ],
  "carType": "0",
  "systemName": "mes",
  "score": 10000
}
[2026-01-16 14:46:12] POST http://10.177.117.1:8000/agvapi/taskCreate
[2026-01-16 14:46:12] {
  "points": [
    {
      "point": "263",
      "action": "up",
      "upType": 1,
      "isReport": false,
      "waitConfrim": false
    },
    {
      "point": "9",
      "action": "down",
      "upType": 1,
      "isReport": false,
      "waitConfrim": false
    },
    {
      "point": "10",
      "action": "up",
      "upType": 1,
      "isReport": false,
      "waitConfrim": false
    },
    {
      "point": "1030",
      "action": "down",
      "upType": 1,
      "isReport": false,
      "waitConfrim": false
    }
  ],
  "carType": "0",
  "systemName": "mes",
  "score": 10000
}
[2026-01-16 15:22:59] POST http://10.177.117.1:8000/agvapi/taskCreate
[2026-01-16 15:22:59] {
  "points": [
    {
      "point": "1052",
      "action": "up",
      "upType": 1,
      "isReport": false,
      "waitConfrim": false
    },
    {
      "point": "991",
      "action": "down",
      "upType": 1,
      "isReport": false,
      "waitConfrim": false
    },
    {
      "point": "989",
      "action": "up",
      "upType": 1,
      "isReport": false,
      "waitConfrim": false
    },
    {
      "point": "1027",
      "action": "down",
      "upType": 1,
      "isReport": false,
      "waitConfrim": false
    }
  ],
  "carType": "0",
  "systemName": "mes",
  "score": 10000
}
[2026-01-16 15:30:14] POST http://10.177.117.1:8000/agvapi/taskCreate
[2026-01-16 15:30:14] {
  "points": [
    {
      "point": "1052",
      "action": "up",
      "upType": 1,
      "isReport": false,
      "waitConfrim": false
    },
    {
      "point": "1205",
      "action": "down",
      "upType": 1,
      "isReport": false,
      "waitConfrim": false
    },
    {
      "point": "1200",
      "action": "up",
      "upType": 1,
      "isReport": false,
      "waitConfrim": false
    },
    {
      "point": "1033",
      "action": "down",
      "upType": 1,
      "isReport": false,
      "waitConfrim": false
    }
  ],
  "carType": "0",
  "systemName": "mes",
  "score": 10000
}
[2026-01-16 16:22:39] POST http://10.177.117.1:8000/agvapi/taskCreate
[2026-01-16 16:22:39] {
  "points": [
    {
      "point": "1052",
      "action": "up",
      "upType": 1,
      "isReport": false,
      "waitConfrim": false
    },
    {
      "point": "1039",
      "action": "down",
      "upType": 1,
      "isReport": false,
      "waitConfrim": false
    },
    {
      "point": "1041",
      "action": "up",
      "upType": 1,
      "isReport": false,
      "waitConfrim": false
    },
    {
      "point": "1027",
      "action": "down",
      "upType": 1,
      "isReport": false,
      "waitConfrim": false
    }
  ],
  "carType": "0",
  "systemName": "mes",
  "score": 10000
}
[2026-01-16 16:23:26] POST http://10.177.117.1:8000/agvapi/taskCreate
[2026-01-16 16:23:26] {
  "points": [
    {
      "point": "263",
      "action": "up",
      "upType": 1,
      "isReport": false,
      "waitConfrim": false
    },
    {
      "point": "9",
      "action": "down",
      "upType": 1,
      "isReport": false,
      "waitConfrim": false
    },
    {
      "point": "10",
      "action": "up",
      "upType": 1,
      "isReport": false,
      "waitConfrim": false
    },
    {
      "point": "1030",
      "action": "down",
      "upType": 1,
      "isReport": false,
      "waitConfrim": false
    }
  ],
  "carType": "0",
  "systemName": "mes",
  "score": 10000
}
[2026-01-16 18:01:23] POST http://10.177.117.1:8000/agvapi/taskCreate
[2026-01-16 18:01:23] {
  "points": [
    {
      "point": "263",
      "action": "up",
      "upType": 1,
      "isReport": false,
      "waitConfrim": false
    },
    {
      "point": "9",
      "action": "down",
      "upType": 1,
      "isReport": false,
      "waitConfrim": false
    },
    {
      "point": "10",
      "action": "up",
      "upType": 1,
      "isReport": false,
      "waitConfrim": false
    },
    {
      "point": "1030",
      "action": "down",
      "upType": 1,
      "isReport": false,
      "waitConfrim": false
    }
  ],
  "carType": "0",
  "systemName": "mes",
  "score": 10000
}
[2026-01-16 18:01:34] POST http://10.177.117.1:8000/agvapi/taskCreate
[2026-01-16 18:01:34] {
  "points": [
    {
      "point": "1052",
      "action": "up",
      "upType": 1,
      "isReport": false,
      "waitConfrim": false
    },
    {
      "point": "175",
      "action": "down",
      "upType": 1,
      "isReport": false,
      "waitConfrim": false
    },
    {
      "point": "1061",
      "action": "up",
      "upType": 1,
      "isReport": false,
      "waitConfrim": false
    },
    {
      "point": "1027",
      "action": "down",
      "upType": 1,
      "isReport": false,
      "waitConfrim": false
    }
  ],
  "carType": "0",
  "systemName": "mes",
  "score": 10000
}
[2026-01-16 18:28:52] POST http://10.177.117.1:8000/agvapi/taskCreate
[2026-01-16 18:28:52] {
  "points": [
    {
      "point": "1052",
      "action": "up",
      "upType": 1,
      "isReport": false,
      "waitConfrim": false
    },
    {
      "point": "1039",
      "action": "down",
      "upType": 1,
      "isReport": false,
      "waitConfrim": false
    },
    {
      "point": "1041",
      "action": "up",
      "upType": 1,
      "isReport": false,
      "waitConfrim": false
    },
    {
      "point": "1033",
      "action": "down",
      "upType": 1,
      "isReport": false,
      "waitConfrim": false
    }
  ],
  "carType": "0",
  "systemName": "mes",
  "score": 10000
}
[2026-01-16 18:31:19] POST http://10.177.117.1:8000/agvapi/taskCreate
[2026-01-16 18:31:19] {
  "points": [
    {
      "point": "263",
      "action": "up",
      "upType": 1,
      "isReport": false,
      "waitConfrim": false
    },
    {
      "point": "991",
      "action": "down",
      "upType": 1,
      "isReport": false,
      "waitConfrim": false
    },
    {
      "point": "989",
      "action": "up",
      "upType": 1,
      "isReport": false,
      "waitConfrim": false
    },
    {
      "point": "1030",
      "action": "down",
      "upType": 1,
      "isReport": false,
      "waitConfrim": false
    }
  ],
  "carType": "0",
  "systemName": "mes",
  "score": 10000
}
[2026-01-16 18:40:42] POST http://10.177.117.1:8000/agvapi/taskCreate
[2026-01-16 18:40:42] {
  "points": [
    {
      "point": "263",
      "action": "up",
      "upType": 1,
      "isReport": false,
      "waitConfrim": false
    },
    {
      "point": "1205",
      "action": "down",
      "upType": 1,
      "isReport": false,
      "waitConfrim": false
    },
    {
      "point": "1200",
      "action": "up",
      "upType": 1,
      "isReport": false,
      "waitConfrim": false
    },
    {
      "point": "1027",
      "action": "down",
      "upType": 1,
      "isReport": false,
      "waitConfrim": false
    }
  ],
  "carType": "0",
  "systemName": "mes",
  "score": 10000
}
