[2026-01-29 08:22:44] POST http://10.177.117.1:8000/agvapi/taskCreate
[2026-01-29 08:22:44] {
  "points": [
    {
      "point": "263",
      "action": "up",
      "upType": 1,
      "isReport": false,
      "waitConfrim": false
    },
    {
      "point": "1384",
      "action": "down",
      "upType": 1,
      "isReport": false,
      "waitConfrim": false
    },
    {
      "point": "9",
      "action": "up",
      "upType": 1,
      "isReport": false,
      "waitConfrim": false
    },
    {
      "point": "1033",
      "action": "down",
      "upType": 1,
      "isReport": false,
      "waitConfrim": false
    }
  ],
  "carType": "0",
  "systemName": "mes",
  "score": 10000
}
[2026-01-29 08:31:14] POST http://10.177.117.1:8000/agvapi/taskCreate
[2026-01-29 08:31:14] {
  "points": [
    {
      "point": "1052",
      "action": "up",
      "upType": 1,
      "isReport": false,
      "waitConfrim": false
    },
    {
      "point": "1039",
      "action": "down",
      "upType": 1,
      "isReport": false,
      "waitConfrim": false
    },
    {
      "point": "1041",
      "action": "up",
      "upType": 1,
      "isReport": false,
      "waitConfrim": false
    },
    {
      "point": "1033",
      "action": "down",
      "upType": 1,
      "isReport": false,
      "waitConfrim": false
    }
  ],
  "carType": "0",
  "systemName": "mes",
  "score": 10000
}
[2026-01-29 08:59:47] POST http://10.177.117.1:8000/agvapi/taskCreate
[2026-01-29 08:59:47] {
  "points": [
    {
      "point": "1052",
      "action": "up",
      "upType": 1,
      "isReport": false,
      "waitConfrim": false
    },
    {
      "point": "1039",
      "action": "down",
      "upType": 1,
      "isReport": false,
      "waitConfrim": false
    },
    {
      "point": "1041",
      "action": "up",
      "upType": 1,
      "isReport": false,
      "waitConfrim": false
    },
    {
      "point": "1027",
      "action": "down",
      "upType": 1,
      "isReport": false,
      "waitConfrim": false
    }
  ],
  "carType": "0",
  "systemName": "mes",
  "score": 10000
}
[2026-01-29 09:18:04] POST http://10.177.117.1:8000/agvapi/taskCreate
[2026-01-29 09:18:04] {
  "points": [
    {
      "point": "1052",
      "action": "up",
      "upType": 1,
      "isReport": false,
      "waitConfrim": false
    },
    {
      "point": "1384",
      "action": "down",
      "upType": 1,
      "isReport": false,
      "waitConfrim": false
    },
    {
      "point": "9",
      "action": "up",
      "upType": 1,
      "isReport": false,
      "waitConfrim": false
    },
    {
      "point": "1030",
      "action": "down",
      "upType": 1,
      "isReport": false,
      "waitConfrim": false
    }
  ],
  "carType": "0",
  "systemName": "mes",
  "score": 10000
}
[2026-01-29 09:23:15] POST http://10.177.117.1:8000/agvapi/taskCreate
[2026-01-29 09:23:15] {
  "points": [
    {
      "point": "263",
      "action": "up",
      "upType": 1,
      "isReport": false,
      "waitConfrim": false
    },
    {
      "point": "1039",
      "action": "down",
      "upType": 1,
      "isReport": false,
      "waitConfrim": false
    },
    {
      "point": "1041",
      "action": "up",
      "upType": 1,
      "isReport": false,
      "waitConfrim": false
    },
    {
      "point": "1033",
      "action": "down",
      "upType": 1,
      "isReport": false,
      "waitConfrim": false
    }
  ],
  "carType": "0",
  "systemName": "mes",
  "score": 10000
}
[2026-01-29 09:49:59] POST http://10.177.117.1:8000/agvapi/taskCreate
[2026-01-29 09:49:59] {
  "points": [
    {
      "point": "1052",
      "action": "up",
      "upType": 1,
      "isReport": false,
      "waitConfrim": false
    },
    {
      "point": "991",
      "action": "down",
      "upType": 1,
      "isReport": false,
      "waitConfrim": false
    },
    {
      "point": "989",
      "action": "up",
      "upType": 1,
      "isReport": false,
      "waitConfrim": false
    },
    {
      "point": "1027",
      "action": "down",
      "upType": 1,
      "isReport": false,
      "waitConfrim": false
    }
  ],
  "carType": "0",
  "systemName": "mes",
  "score": 10000
}
[2026-01-29 10:03:44] POST http://10.177.117.1:8000/agvapi/taskCreate
[2026-01-29 10:03:44] {
  "points": [
    {
      "point": "1052",
      "action": "up",
      "upType": 1,
      "isReport": false,
      "waitConfrim": false
    },
    {
      "point": "1205",
      "action": "down",
      "upType": 1,
      "isReport": false,
      "waitConfrim": false
    },
    {
      "point": "1200",
      "action": "up",
      "upType": 1,
      "isReport": false,
      "waitConfrim": false
    },
    {
      "point": "1030",
      "action": "down",
      "upType": 1,
      "isReport": false,
      "waitConfrim": false
    }
  ],
  "carType": "0",
  "systemName": "mes",
  "score": 10000
}
[2026-01-29 10:12:06] POST http://10.177.117.1:8000/agvapi/taskCreate
[2026-01-29 10:12:06] {
  "points": [
    {
      "point": "1052",
      "action": "up",
      "upType": 1,
      "isReport": false,
      "waitConfrim": false
    },
    {
      "point": "1039",
      "action": "down",
      "upType": 1,
      "isReport": false,
      "waitConfrim": false
    },
    {
      "point": "1041",
      "action": "up",
      "upType": 1,
      "isReport": false,
      "waitConfrim": false
    },
    {
      "point": "1033",
      "action": "down",
      "upType": 1,
      "isReport": false,
      "waitConfrim": false
    }
  ],
  "carType": "0",
  "systemName": "mes",
  "score": 10000
}
[2026-01-29 10:37:45] POST http://10.177.117.1:8000/agvapi/taskCreate
[2026-01-29 10:37:45] {
  "points": [
    {
      "point": "263",
      "action": "up",
      "upType": 1,
      "isReport": false,
      "waitConfrim": false
    },
    {
      "point": "1384",
      "action": "down",
      "upType": 1,
      "isReport": false,
      "waitConfrim": false
    },
    {
      "point": "9",
      "action": "up",
      "upType": 1,
      "isReport": false,
      "waitConfrim": false
    },
    {
      "point": "1027",
      "action": "down",
      "upType": 1,
      "isReport": false,
      "waitConfrim": false
    }
  ],
  "carType": "0",
  "systemName": "mes",
  "score": 10000
}
[2026-01-29 10:40:04] POST http://10.177.117.1:8000/agvapi/taskCreate
[2026-01-29 10:40:04] {
  "points": [
    {
      "point": "1052",
      "action": "up",
      "upType": 1,
      "isReport": false,
      "waitConfrim": false
    },
    {
      "point": "1205",
      "action": "down",
      "upType": 1,
      "isReport": false,
      "waitConfrim": false
    },
    {
      "point": "1200",
      "action": "up",
      "upType": 1,
      "isReport": false,
      "waitConfrim": false
    },
    {
      "point": "1033",
      "action": "down",
      "upType": 1,
      "isReport": false,
      "waitConfrim": false
    }
  ],
  "carType": "0",
  "systemName": "mes",
  "score": 10000
}
[2026-01-29 10:48:07] POST http://10.177.117.1:8000/agvapi/taskCreate
[2026-01-29 10:48:07] {
  "points": [
    {
      "point": "263",
      "action": "up",
      "upType": 1,
      "isReport": false,
      "waitConfrim": false
    },
    {
      "point": "1039",
      "action": "down",
      "upType": 1,
      "isReport": false,
      "waitConfrim": false
    },
    {
      "point": "1041",
      "action": "up",
      "upType": 1,
      "isReport": false,
      "waitConfrim": false
    },
    {
      "point": "1030",
      "action": "down",
      "upType": 1,
      "isReport": false,
      "waitConfrim": false
    }
  ],
  "carType": "0",
  "systemName": "mes",
  "score": 10000
}
[2026-01-29 12:46:05] POST http://10.177.117.1:8000/agvapi/taskCreate
[2026-01-29 12:46:05] {
  "points": [
    {
      "point": "1052",
      "action": "up",
      "upType": 1,
      "isReport": false,
      "waitConfrim": false
    },
    {
      "point": "1384",
      "action": "down",
      "upType": 1,
      "isReport": false,
      "waitConfrim": false
    },
    {
      "point": "9",
      "action": "up",
      "upType": 1,
      "isReport": false,
      "waitConfrim": false
    },
    {
      "point": "1030",
      "action": "down",
      "upType": 1,
      "isReport": false,
      "waitConfrim": false
    }
  ],
  "carType": "0",
  "systemName": "mes",
  "score": 10000
}
[2026-01-29 13:19:57] POST http://10.177.117.1:8000/agvapi/taskCreate
[2026-01-29 13:19:57] {
  "points": [
    {
      "point": "1052",
      "action": "up",
      "upType": 1,
      "isReport": false,
      "waitConfrim": false
    },
    {
      "point": "991",
      "action": "down",
      "upType": 1,
      "isReport": false,
      "waitConfrim": false
    },
    {
      "point": "989",
      "action": "up",
      "upType": 1,
      "isReport": false,
      "waitConfrim": false
    },
    {
      "point": "1033",
      "action": "down",
      "upType": 1,
      "isReport": false,
      "waitConfrim": false
    }
  ],
  "carType": "0",
  "systemName": "mes",
  "score": 10000
}
[2026-01-29 13:30:38] POST http://10.177.117.1:8000/agvapi/taskCreate
[2026-01-29 13:30:38] {
  "points": [
    {
      "point": "1052",
      "action": "up",
      "upType": 1,
      "isReport": false,
      "waitConfrim": false
    },
    {
      "point": "1205",
      "action": "down",
      "upType": 1,
      "isReport": false,
      "waitConfrim": false
    },
    {
      "point": "1200",
      "action": "up",
      "upType": 1,
      "isReport": false,
      "waitConfrim": false
    },
    {
      "point": "1030",
      "action": "down",
      "upType": 1,
      "isReport": false,
      "waitConfrim": false
    }
  ],
  "carType": "0",
  "systemName": "mes",
  "score": 10000
}
[2026-01-29 13:42:13] POST http://10.177.117.1:8000/agvapi/taskCreate
[2026-01-29 13:42:13] {
  "points": [
    {
      "point": "1052",
      "action": "up",
      "upType": 1,
      "isReport": false,
      "waitConfrim": false
    },
    {
      "point": "1039",
      "action": "down",
      "upType": 1,
      "isReport": false,
      "waitConfrim": false
    },
    {
      "point": "1041",
      "action": "up",
      "upType": 1,
      "isReport": false,
      "waitConfrim": false
    },
    {
      "point": "1027",
      "action": "down",
      "upType": 1,
      "isReport": false,
      "waitConfrim": false
    }
  ],
  "carType": "0",
  "systemName": "mes",
  "score": 10000
}
[2026-01-29 13:56:31] POST http://10.177.117.1:8000/agvapi/taskCreate
[2026-01-29 13:56:31] {
  "points": [
    {
      "point": "263",
      "action": "up",
      "upType": 1,
      "isReport": false,
      "waitConfrim": false
    },
    {
      "point": "1384",
      "action": "down",
      "upType": 1,
      "isReport": false,
      "waitConfrim": false
    },
    {
      "point": "9",
      "action": "up",
      "upType": 1,
      "isReport": false,
      "waitConfrim": false
    },
    {
      "point": "1030",
      "action": "down",
      "upType": 1,
      "isReport": false,
      "waitConfrim": false
    }
  ],
  "carType": "0",
  "systemName": "mes",
  "score": 10000
}
[2026-01-29 14:09:55] POST http://10.177.117.1:8000/agvapi/taskCreate
[2026-01-29 14:09:55] {
  "points": [
    {
      "point": "1052",
      "action": "up",
      "upType": 1,
      "isReport": false,
      "waitConfrim": false
    },
    {
      "point": "1205",
      "action": "down",
      "upType": 1,
      "isReport": false,
      "waitConfrim": false
    },
    {
      "point": "1200",
      "action": "up",
      "upType": 1,
      "isReport": false,
      "waitConfrim": false
    },
    {
      "point": "1027",
      "action": "down",
      "upType": 1,
      "isReport": false,
      "waitConfrim": false
    }
  ],
  "carType": "0",
  "systemName": "mes",
  "score": 10000
}
[2026-01-29 14:27:23] POST http://10.177.117.1:8000/agvapi/taskCreate
[2026-01-29 14:27:23] {
  "points": [
    {
      "point": "1052",
      "action": "up",
      "upType": 1,
      "isReport": false,
      "waitConfrim": false
    },
    {
      "point": "1039",
      "action": "down",
      "upType": 1,
      "isReport": false,
      "waitConfrim": false
    },
    {
      "point": "1041",
      "action": "up",
      "upType": 1,
      "isReport": false,
      "waitConfrim": false
    },
    {
      "point": "1030",
      "action": "down",
      "upType": 1,
      "isReport": false,
      "waitConfrim": false
    }
  ],
  "carType": "0",
  "systemName": "mes",
  "score": 10000
}
[2026-01-29 14:43:51] POST http://10.177.117.1:8000/agvapi/taskCreate
[2026-01-29 14:43:51] {
  "points": [
    {
      "point": "1052",
      "action": "up",
      "upType": 1,
      "isReport": false,
      "waitConfrim": false
    },
    {
      "point": "1039",
      "action": "down",
      "upType": 1,
      "isReport": false,
      "waitConfrim": false
    },
    {
      "point": "1041",
      "action": "up",
      "upType": 1,
      "isReport": false,
      "waitConfrim": false
    },
    {
      "point": "1033",
      "action": "down",
      "upType": 1,
      "isReport": false,
      "waitConfrim": false
    }
  ],
  "carType": "0",
  "systemName": "mes",
  "score": 10000
}
[2026-01-29 14:56:33] POST http://10.177.117.1:8000/agvapi/taskCreate
[2026-01-29 14:56:33] {
  "points": [
    {
      "point": "263",
      "action": "up",
      "upType": 1,
      "isReport": false,
      "waitConfrim": false
    },
    {
      "point": "1384",
      "action": "down",
      "upType": 1,
      "isReport": false,
      "waitConfrim": false
    },
    {
      "point": "9",
      "action": "up",
      "upType": 1,
      "isReport": false,
      "waitConfrim": false
    },
    {
      "point": "1027",
      "action": "down",
      "upType": 1,
      "isReport": false,
      "waitConfrim": false
    }
  ],
  "carType": "0",
  "systemName": "mes",
  "score": 10000
}
[2026-01-29 15:44:12] POST http://10.177.117.1:8000/agvapi/taskCreate
[2026-01-29 15:44:12] {
  "points": [
    {
      "point": "263",
      "action": "up",
      "upType": 1,
      "isReport": false,
      "waitConfrim": false
    },
    {
      "point": "1384",
      "action": "down",
      "upType": 1,
      "isReport": false,
      "waitConfrim": false
    },
    {
      "point": "9",
      "action": "up",
      "upType": 1,
      "isReport": false,
      "waitConfrim": false
    },
    {
      "point": "1027",
      "action": "down",
      "upType": 1,
      "isReport": false,
      "waitConfrim": false
    }
  ],
  "carType": "0",
  "systemName": "mes",
  "score": 10000
}
[2026-01-29 16:12:16] POST http://10.177.117.1:8000/agvapi/taskCreate
[2026-01-29 16:12:16] {
  "points": [
    {
      "point": "263",
      "action": "up",
      "upType": 1,
      "isReport": false,
      "waitConfrim": false
    },
    {
      "point": "1384",
      "action": "down",
      "upType": 1,
      "isReport": false,
      "waitConfrim": false
    },
    {
      "point": "9",
      "action": "up",
      "upType": 1,
      "isReport": false,
      "waitConfrim": false
    },
    {
      "point": "1027",
      "action": "down",
      "upType": 1,
      "isReport": false,
      "waitConfrim": false
    }
  ],
  "carType": "0",
  "systemName": "mes",
  "score": 10000
}
[2026-01-29 16:23:06] POST http://10.177.117.1:8000/agvapi/taskCreate
[2026-01-29 16:23:06] {
  "points": [
    {
      "point": "263",
      "action": "up",
      "upType": 1,
      "isReport": false,
      "waitConfrim": false
    },
    {
      "point": "1039",
      "action": "down",
      "upType": 1,
      "isReport": false,
      "waitConfrim": false
    },
    {
      "point": "1041",
      "action": "up",
      "upType": 1,
      "isReport": false,
      "waitConfrim": false
    },
    {
      "point": "1030",
      "action": "down",
      "upType": 1,
      "isReport": false,
      "waitConfrim": false
    }
  ],
  "carType": "0",
  "systemName": "mes",
  "score": 10000
}
[2026-01-29 16:32:00] POST http://10.177.117.1:8000/agvapi/taskCreate
[2026-01-29 16:32:00] {
  "points": [
    {
      "point": "263",
      "action": "up",
      "upType": 1,
      "isReport": false,
      "waitConfrim": false
    },
    {
      "point": "1205",
      "action": "down",
      "upType": 1,
      "isReport": false,
      "waitConfrim": false
    },
    {
      "point": "1200",
      "action": "up",
      "upType": 1,
      "isReport": false,
      "waitConfrim": false
    },
    {
      "point": "1030",
      "action": "down",
      "upType": 1,
      "isReport": false,
      "waitConfrim": false
    }
  ],
  "carType": "0",
  "systemName": "mes",
  "score": 10000
}
[2026-01-29 17:34:06] POST http://10.177.117.1:8000/agvapi/taskCreate
[2026-01-29 17:34:06] {
  "points": [
    {
      "point": "263",
      "action": "up",
      "upType": 1,
      "isReport": false,
      "waitConfrim": false
    },
    {
      "point": "1039",
      "action": "down",
      "upType": 1,
      "isReport": false,
      "waitConfrim": false
    },
    {
      "point": "1041",
      "action": "up",
      "upType": 1,
      "isReport": false,
      "waitConfrim": false
    },
    {
      "point": "1033",
      "action": "down",
      "upType": 1,
      "isReport": false,
      "waitConfrim": false
    }
  ],
  "carType": "0",
  "systemName": "mes",
  "score": 10000
}
[2026-01-29 18:18:22] POST http://10.177.117.1:8000/agvapi/taskCreate
[2026-01-29 18:18:22] {
  "points": [
    {
      "point": "263",
      "action": "up",
      "upType": 1,
      "isReport": false,
      "waitConfrim": false
    },
    {
      "point": "1039",
      "action": "down",
      "upType": 1,
      "isReport": false,
      "waitConfrim": false
    },
    {
      "point": "1041",
      "action": "up",
      "upType": 1,
      "isReport": false,
      "waitConfrim": false
    },
    {
      "point": "1027",
      "action": "down",
      "upType": 1,
      "isReport": false,
      "waitConfrim": false
    }
  ],
  "carType": "0",
  "systemName": "mes",
  "score": 10000
}
[2026-01-29 18:20:14] POST http://10.177.117.1:8000/agvapi/taskCreate
[2026-01-29 18:20:14] {
  "points": [
    {
      "point": "1052",
      "action": "up",
      "upType": 1,
      "isReport": false,
      "waitConfrim": false
    },
    {
      "point": "1384",
      "action": "down",
      "upType": 1,
      "isReport": false,
      "waitConfrim": false
    },
    {
      "point": "9",
      "action": "up",
      "upType": 1,
      "isReport": false,
      "waitConfrim": false
    },
    {
      "point": "1030",
      "action": "down",
      "upType": 1,
      "isReport": false,
      "waitConfrim": false
    }
  ],
  "carType": "0",
  "systemName": "mes",
  "score": 10000
}
