[2026-02-23 08:51:02] POST http://10.177.117.1:8000/agvapi/taskCreate
[2026-02-23 08:51:02] {
  "points": [
    {
      "point": "1052",
      "action": "up",
      "upType": 1,
      "isReport": false,
      "waitConfrim": false
    },
    {
      "point": "1037",
      "action": "down",
      "upType": 1,
      "isReport": false,
      "waitConfrim": false
    },
    {
      "point": "1067",
      "action": "up",
      "upType": 1,
      "isReport": false,
      "waitConfrim": false
    },
    {
      "point": "1033",
      "action": "down",
      "upType": 1,
      "isReport": false,
      "waitConfrim": false
    }
  ],
  "carType": "0",
  "systemName": "mes",
  "score": 10000
}
[2026-02-23 09:20:52] POST http://10.177.117.1:8000/agvapi/taskCreate
[2026-02-23 09:20:52] {
  "points": [
    {
      "point": "263",
      "action": "up",
      "upType": 1,
      "isReport": false,
      "waitConfrim": false
    },
    {
      "point": "1037",
      "action": "down",
      "upType": 1,
      "isReport": false,
      "waitConfrim": false
    },
    {
      "point": "1067",
      "action": "up",
      "upType": 1,
      "isReport": false,
      "waitConfrim": false
    },
    {
      "point": "1027",
      "action": "down",
      "upType": 1,
      "isReport": false,
      "waitConfrim": false
    }
  ],
  "carType": "0",
  "systemName": "mes",
  "score": 10000
}
[2026-02-23 09:28:18] POST http://10.177.117.1:8000/agvapi/taskCreate
[2026-02-23 09:28:18] {
  "points": [
    {
      "point": "1052",
      "action": "up",
      "upType": 1,
      "isReport": false,
      "waitConfrim": false
    },
    {
      "point": "1384",
      "action": "down",
      "upType": 1,
      "isReport": false,
      "waitConfrim": false
    },
    {
      "point": "9",
      "action": "up",
      "upType": 1,
      "isReport": false,
      "waitConfrim": false
    },
    {
      "point": "1030",
      "action": "down",
      "upType": 1,
      "isReport": false,
      "waitConfrim": false
    }
  ],
  "carType": "0",
  "systemName": "mes",
  "score": 10000
}
[2026-02-23 09:29:37] POST http://10.177.117.1:8000/agvapi/taskCreate
[2026-02-23 09:29:37] {
  "points": [
    {
      "point": "263",
      "action": "up",
      "upType": 1,
      "isReport": false,
      "waitConfrim": false
    },
    {
      "point": "175",
      "action": "down",
      "upType": 1,
      "isReport": false,
      "waitConfrim": false
    },
    {
      "point": "1061",
      "action": "up",
      "upType": 1,
      "isReport": false,
      "waitConfrim": false
    },
    {
      "point": "1030",
      "action": "down",
      "upType": 1,
      "isReport": false,
      "waitConfrim": false
    }
  ],
  "carType": "0",
  "systemName": "mes",
  "score": 10000
}
[2026-02-23 09:32:50] POST http://10.177.117.1:8000/agvapi/taskCreate
[2026-02-23 09:32:50] {
  "points": [
    {
      "point": "263",
      "action": "up",
      "upType": 1,
      "isReport": false,
      "waitConfrim": false
    },
    {
      "point": "175",
      "action": "down",
      "upType": 1,
      "isReport": false,
      "waitConfrim": false
    },
    {
      "point": "1061",
      "action": "up",
      "upType": 1,
      "isReport": false,
      "waitConfrim": false
    },
    {
      "point": "1030",
      "action": "down",
      "upType": 1,
      "isReport": false,
      "waitConfrim": false
    }
  ],
  "carType": "0",
  "systemName": "mes",
  "score": 10000
}
[2026-02-23 09:35:26] POST http://10.177.117.1:8000/agvapi/taskCreate
[2026-02-23 09:35:26] {
  "points": [
    {
      "point": "1052",
      "action": "up",
      "upType": 1,
      "isReport": false,
      "waitConfrim": false
    },
    {
      "point": "1384",
      "action": "down",
      "upType": 1,
      "isReport": false,
      "waitConfrim": false
    },
    {
      "point": "9",
      "action": "up",
      "upType": 1,
      "isReport": false,
      "waitConfrim": false
    },
    {
      "point": "1033",
      "action": "down",
      "upType": 1,
      "isReport": false,
      "waitConfrim": false
    }
  ],
  "carType": "0",
  "systemName": "mes",
  "score": 10000
}
[2026-02-23 09:36:26] POST http://10.177.117.1:8000/agvapi/taskCreate
[2026-02-23 09:36:26] {
  "points": [
    {
      "point": "263",
      "action": "up",
      "upType": 1,
      "isReport": false,
      "waitConfrim": false
    },
    {
      "point": "175",
      "action": "down",
      "upType": 1,
      "isReport": false,
      "waitConfrim": false
    },
    {
      "point": "1061",
      "action": "up",
      "upType": 1,
      "isReport": false,
      "waitConfrim": false
    },
    {
      "point": "1030",
      "action": "down",
      "upType": 1,
      "isReport": false,
      "waitConfrim": false
    }
  ],
  "carType": "0",
  "systemName": "mes",
  "score": 10000
}
[2026-02-23 10:12:57] POST http://10.177.117.1:8000/agvapi/taskCreate
[2026-02-23 10:12:57] {
  "points": [
    {
      "point": "263",
      "action": "up",
      "upType": 1,
      "isReport": false,
      "waitConfrim": false
    },
    {
      "point": "1039",
      "action": "down",
      "upType": 1,
      "isReport": false,
      "waitConfrim": false
    },
    {
      "point": "1041",
      "action": "up",
      "upType": 1,
      "isReport": false,
      "waitConfrim": false
    },
    {
      "point": "1027",
      "action": "down",
      "upType": 1,
      "isReport": false,
      "waitConfrim": false
    }
  ],
  "carType": "0",
  "systemName": "mes",
  "score": 10000
}
[2026-02-23 10:33:14] POST http://10.177.117.1:8000/agvapi/taskCreate
[2026-02-23 10:33:14] {
  "points": [
    {
      "point": "263",
      "action": "up",
      "upType": 1,
      "isReport": false,
      "waitConfrim": false
    },
    {
      "point": "1384",
      "action": "down",
      "upType": 1,
      "isReport": false,
      "waitConfrim": false
    },
    {
      "point": "9",
      "action": "up",
      "upType": 1,
      "isReport": false,
      "waitConfrim": false
    },
    {
      "point": "1027",
      "action": "down",
      "upType": 1,
      "isReport": false,
      "waitConfrim": false
    }
  ],
  "carType": "0",
  "systemName": "mes",
  "score": 10000
}
[2026-02-23 10:38:09] POST http://10.177.117.1:8000/agvapi/taskCreate
[2026-02-23 10:38:09] {
  "points": [
    {
      "point": "1052",
      "action": "up",
      "upType": 1,
      "isReport": false,
      "waitConfrim": false
    },
    {
      "point": "1384",
      "action": "down",
      "upType": 1,
      "isReport": false,
      "waitConfrim": false
    },
    {
      "point": "9",
      "action": "up",
      "upType": 1,
      "isReport": false,
      "waitConfrim": false
    },
    {
      "point": "1027",
      "action": "down",
      "upType": 1,
      "isReport": false,
      "waitConfrim": false
    }
  ],
  "carType": "0",
  "systemName": "mes",
  "score": 10000
}
[2026-02-23 10:45:04] POST http://10.177.117.1:8000/agvapi/taskCreate
[2026-02-23 10:45:04] {
  "points": [
    {
      "point": "263",
      "action": "up",
      "upType": 1,
      "isReport": false,
      "waitConfrim": false
    },
    {
      "point": "1039",
      "action": "down",
      "upType": 1,
      "isReport": false,
      "waitConfrim": false
    },
    {
      "point": "1041",
      "action": "up",
      "upType": 1,
      "isReport": false,
      "waitConfrim": false
    },
    {
      "point": "1030",
      "action": "down",
      "upType": 1,
      "isReport": false,
      "waitConfrim": false
    }
  ],
  "carType": "0",
  "systemName": "mes",
  "score": 10000
}
[2026-02-23 11:12:16] POST http://10.177.117.1:8000/agvapi/taskCreate
[2026-02-23 11:12:16] {
  "points": [
    {
      "point": "263",
      "action": "up",
      "upType": 1,
      "isReport": false,
      "waitConfrim": false
    },
    {
      "point": "1039",
      "action": "down",
      "upType": 1,
      "isReport": false,
      "waitConfrim": false
    },
    {
      "point": "1041",
      "action": "up",
      "upType": 1,
      "isReport": false,
      "waitConfrim": false
    },
    {
      "point": "1027",
      "action": "down",
      "upType": 1,
      "isReport": false,
      "waitConfrim": false
    }
  ],
  "carType": "0",
  "systemName": "mes",
  "score": 10000
}
[2026-02-23 12:39:53] POST http://10.177.117.1:8000/agvapi/taskCreate
[2026-02-23 12:39:53] {
  "points": [
    {
      "point": "1052",
      "action": "up",
      "upType": 1,
      "isReport": false,
      "waitConfrim": false
    },
    {
      "point": "1384",
      "action": "down",
      "upType": 1,
      "isReport": false,
      "waitConfrim": false
    },
    {
      "point": "9",
      "action": "up",
      "upType": 1,
      "isReport": false,
      "waitConfrim": false
    },
    {
      "point": "1027",
      "action": "down",
      "upType": 1,
      "isReport": false,
      "waitConfrim": false
    }
  ],
  "carType": "0",
  "systemName": "mes",
  "score": 10000
}
[2026-02-23 12:59:28] POST http://10.177.117.1:8000/agvapi/taskCreate
[2026-02-23 12:59:28] {
  "points": [
    {
      "point": "1052",
      "action": "up",
      "upType": 1,
      "isReport": false,
      "waitConfrim": false
    },
    {
      "point": "175",
      "action": "down",
      "upType": 1,
      "isReport": false,
      "waitConfrim": false
    },
    {
      "point": "1061",
      "action": "up",
      "upType": 1,
      "isReport": false,
      "waitConfrim": false
    },
    {
      "point": "1030",
      "action": "down",
      "upType": 1,
      "isReport": false,
      "waitConfrim": false
    }
  ],
  "carType": "0",
  "systemName": "mes",
  "score": 10000
}
[2026-02-23 13:14:36] POST http://10.177.117.1:8000/agvapi/taskCreate
[2026-02-23 13:14:36] {
  "points": [
    {
      "point": "263",
      "action": "up",
      "upType": 1,
      "isReport": false,
      "waitConfrim": false
    },
    {
      "point": "1384",
      "action": "down",
      "upType": 1,
      "isReport": false,
      "waitConfrim": false
    },
    {
      "point": "9",
      "action": "up",
      "upType": 1,
      "isReport": false,
      "waitConfrim": false
    },
    {
      "point": "1033",
      "action": "down",
      "upType": 1,
      "isReport": false,
      "waitConfrim": false
    }
  ],
  "carType": "0",
  "systemName": "mes",
  "score": 10000
}
[2026-02-23 13:23:54] POST http://10.177.117.1:8000/agvapi/taskCreate
[2026-02-23 13:23:54] {
  "points": [
    {
      "point": "1052",
      "action": "up",
      "upType": 1,
      "isReport": false,
      "waitConfrim": false
    },
    {
      "point": "175",
      "action": "down",
      "upType": 1,
      "isReport": false,
      "waitConfrim": false
    },
    {
      "point": "1061",
      "action": "up",
      "upType": 1,
      "isReport": false,
      "waitConfrim": false
    },
    {
      "point": "1027",
      "action": "down",
      "upType": 1,
      "isReport": false,
      "waitConfrim": false
    }
  ],
  "carType": "0",
  "systemName": "mes",
  "score": 10000
}
[2026-02-23 13:25:58] POST http://10.177.117.1:8000/agvapi/taskCreate
[2026-02-23 13:25:58] {
  "points": [
    {
      "point": "263",
      "action": "up",
      "upType": 1,
      "isReport": false,
      "waitConfrim": false
    },
    {
      "point": "1384",
      "action": "down",
      "upType": 1,
      "isReport": false,
      "waitConfrim": false
    },
    {
      "point": "9",
      "action": "up",
      "upType": 1,
      "isReport": false,
      "waitConfrim": false
    },
    {
      "point": "1033",
      "action": "down",
      "upType": 1,
      "isReport": false,
      "waitConfrim": false
    }
  ],
  "carType": "0",
  "systemName": "mes",
  "score": 10000
}
[2026-02-23 13:46:01] POST http://10.177.117.1:8000/agvapi/taskCreate
[2026-02-23 13:46:01] {
  "points": [
    {
      "point": "263",
      "action": "up",
      "upType": 1,
      "isReport": false,
      "waitConfrim": false
    },
    {
      "point": "991",
      "action": "down",
      "upType": 1,
      "isReport": false,
      "waitConfrim": false
    },
    {
      "point": "989",
      "action": "up",
      "upType": 1,
      "isReport": false,
      "waitConfrim": false
    },
    {
      "point": "1027",
      "action": "down",
      "upType": 1,
      "isReport": false,
      "waitConfrim": false
    }
  ],
  "carType": "0",
  "systemName": "mes",
  "score": 10000
}
[2026-02-23 14:44:15] POST http://10.177.117.1:8000/agvapi/taskCreate
[2026-02-23 14:44:15] {
  "points": [
    {
      "point": "263",
      "action": "up",
      "upType": 1,
      "isReport": false,
      "waitConfrim": false
    },
    {
      "point": "1039",
      "action": "down",
      "upType": 1,
      "isReport": false,
      "waitConfrim": false
    },
    {
      "point": "1041",
      "action": "up",
      "upType": 1,
      "isReport": false,
      "waitConfrim": false
    },
    {
      "point": "1027",
      "action": "down",
      "upType": 1,
      "isReport": false,
      "waitConfrim": false
    }
  ],
  "carType": "0",
  "systemName": "mes",
  "score": 10000
}
[2026-02-23 15:01:28] POST http://10.177.117.1:8000/agvapi/taskCreate
[2026-02-23 15:01:28] {
  "points": [
    {
      "point": "1052",
      "action": "up",
      "upType": 1,
      "isReport": false,
      "waitConfrim": false
    },
    {
      "point": "1384",
      "action": "down",
      "upType": 1,
      "isReport": false,
      "waitConfrim": false
    },
    {
      "point": "9",
      "action": "up",
      "upType": 1,
      "isReport": false,
      "waitConfrim": false
    },
    {
      "point": "1030",
      "action": "down",
      "upType": 1,
      "isReport": false,
      "waitConfrim": false
    }
  ],
  "carType": "0",
  "systemName": "mes",
  "score": 10000
}
[2026-02-23 15:03:07] POST http://10.177.117.1:8000/agvapi/taskCreate
[2026-02-23 15:03:07] {
  "points": [
    {
      "point": "263",
      "action": "up",
      "upType": 1,
      "isReport": false,
      "waitConfrim": false
    },
    {
      "point": "1039",
      "action": "down",
      "upType": 1,
      "isReport": false,
      "waitConfrim": false
    },
    {
      "point": "1041",
      "action": "up",
      "upType": 1,
      "isReport": false,
      "waitConfrim": false
    },
    {
      "point": "1033",
      "action": "down",
      "upType": 1,
      "isReport": false,
      "waitConfrim": false
    }
  ],
  "carType": "0",
  "systemName": "mes",
  "score": 10000
}
[2026-02-23 15:28:05] POST http://10.177.117.1:8000/agvapi/taskCreate
[2026-02-23 15:28:05] {
  "points": [
    {
      "point": "1052",
      "action": "up",
      "upType": 1,
      "isReport": false,
      "waitConfrim": false
    },
    {
      "point": "1037",
      "action": "down",
      "upType": 1,
      "isReport": false,
      "waitConfrim": false
    },
    {
      "point": "1067",
      "action": "up",
      "upType": 1,
      "isReport": false,
      "waitConfrim": false
    },
    {
      "point": "1027",
      "action": "down",
      "upType": 1,
      "isReport": false,
      "waitConfrim": false
    }
  ],
  "carType": "0",
  "systemName": "mes",
  "score": 10000
}
[2026-02-23 18:07:30] POST http://10.177.117.1:8000/agvapi/taskCreate
[2026-02-23 18:07:30] {
  "points": [
    {
      "point": "1052",
      "action": "up",
      "upType": 1,
      "isReport": false,
      "waitConfrim": false
    },
    {
      "point": "175",
      "action": "down",
      "upType": 1,
      "isReport": false,
      "waitConfrim": false
    },
    {
      "point": "1061",
      "action": "up",
      "upType": 1,
      "isReport": false,
      "waitConfrim": false
    },
    {
      "point": "1033",
      "action": "down",
      "upType": 1,
      "isReport": false,
      "waitConfrim": false
    }
  ],
  "carType": "0",
  "systemName": "mes",
  "score": 10000
}
[2026-02-23 20:17:38] POST http://10.177.117.1:8000/agvapi/taskCreate
[2026-02-23 20:17:38] {
  "points": [
    {
      "point": "263",
      "action": "up",
      "upType": 1,
      "isReport": false,
      "waitConfrim": false
    },
    {
      "point": "175",
      "action": "down",
      "upType": 1,
      "isReport": false,
      "waitConfrim": false
    },
    {
      "point": "1061",
      "action": "up",
      "upType": 1,
      "isReport": false,
      "waitConfrim": false
    },
    {
      "point": "1033",
      "action": "down",
      "upType": 1,
      "isReport": false,
      "waitConfrim": false
    }
  ],
  "carType": "0",
  "systemName": "mes",
  "score": 10000
}
