[2026-02-24 08:17:22] POST http://10.177.117.1:8000/agvapi/taskCreate
[2026-02-24 08:17:22] {
  "points": [
    {
      "point": "1052",
      "action": "up",
      "upType": 1,
      "isReport": false,
      "waitConfrim": false
    },
    {
      "point": "991",
      "action": "down",
      "upType": 1,
      "isReport": false,
      "waitConfrim": false
    },
    {
      "point": "989",
      "action": "up",
      "upType": 1,
      "isReport": false,
      "waitConfrim": false
    },
    {
      "point": "1027",
      "action": "down",
      "upType": 1,
      "isReport": false,
      "waitConfrim": false
    }
  ],
  "carType": "0",
  "systemName": "mes",
  "score": 10000
}
[2026-02-24 08:34:15] POST http://10.177.117.1:8000/agvapi/taskCreate
[2026-02-24 08:34:15] {
  "points": [
    {
      "point": "1052",
      "action": "up",
      "upType": 1,
      "isReport": false,
      "waitConfrim": false
    },
    {
      "point": "1037",
      "action": "down",
      "upType": 1,
      "isReport": false,
      "waitConfrim": false
    },
    {
      "point": "1067",
      "action": "up",
      "upType": 1,
      "isReport": false,
      "waitConfrim": false
    },
    {
      "point": "1033",
      "action": "down",
      "upType": 1,
      "isReport": false,
      "waitConfrim": false
    }
  ],
  "carType": "0",
  "systemName": "mes",
  "score": 10000
}
[2026-02-24 08:46:03] POST http://10.177.117.1:8000/agvapi/taskCreate
[2026-02-24 08:46:03] {
  "points": [
    {
      "point": "1052",
      "action": "up",
      "upType": 1,
      "isReport": false,
      "waitConfrim": false
    },
    {
      "point": "1039",
      "action": "down",
      "upType": 1,
      "isReport": false,
      "waitConfrim": false
    },
    {
      "point": "1041",
      "action": "up",
      "upType": 1,
      "isReport": false,
      "waitConfrim": false
    },
    {
      "point": "1027",
      "action": "down",
      "upType": 1,
      "isReport": false,
      "waitConfrim": false
    }
  ],
  "carType": "0",
  "systemName": "mes",
  "score": 10000
}
[2026-02-24 08:54:18] POST http://10.177.117.1:8000/agvapi/taskCreate
[2026-02-24 08:54:18] {
  "points": [
    {
      "point": "1052",
      "action": "up",
      "upType": 1,
      "isReport": false,
      "waitConfrim": false
    },
    {
      "point": "991",
      "action": "down",
      "upType": 1,
      "isReport": false,
      "waitConfrim": false
    },
    {
      "point": "989",
      "action": "up",
      "upType": 1,
      "isReport": false,
      "waitConfrim": false
    },
    {
      "point": "1030",
      "action": "down",
      "upType": 1,
      "isReport": false,
      "waitConfrim": false
    }
  ],
  "carType": "0",
  "systemName": "mes",
  "score": 10000
}
[2026-02-24 09:08:13] POST http://10.177.117.1:8000/agvapi/taskCreate
[2026-02-24 09:08:13] {
  "points": [
    {
      "point": "1052",
      "action": "up",
      "upType": 1,
      "isReport": false,
      "waitConfrim": false
    },
    {
      "point": "175",
      "action": "down",
      "upType": 1,
      "isReport": false,
      "waitConfrim": false
    },
    {
      "point": "1061",
      "action": "up",
      "upType": 1,
      "isReport": false,
      "waitConfrim": false
    },
    {
      "point": "1033",
      "action": "down",
      "upType": 1,
      "isReport": false,
      "waitConfrim": false
    }
  ],
  "carType": "0",
  "systemName": "mes",
  "score": 10000
}
[2026-02-24 09:44:50] POST http://10.177.117.1:8000/agvapi/taskCreate
[2026-02-24 09:44:50] {
  "points": [
    {
      "point": "263",
      "action": "up",
      "upType": 1,
      "isReport": false,
      "waitConfrim": false
    },
    {
      "point": "996",
      "action": "down",
      "upType": 1,
      "isReport": false,
      "waitConfrim": false
    },
    {
      "point": "995",
      "action": "up",
      "upType": 1,
      "isReport": false,
      "waitConfrim": false
    },
    {
      "point": "1033",
      "action": "down",
      "upType": 1,
      "isReport": false,
      "waitConfrim": false
    }
  ],
  "carType": "0",
  "systemName": "mes",
  "score": 10000
}
[2026-02-24 10:33:53] POST http://10.177.117.1:8000/agvapi/taskCreate
[2026-02-24 10:33:53] {
  "points": [
    {
      "point": "1052",
      "action": "up",
      "upType": 1,
      "isReport": false,
      "waitConfrim": false
    },
    {
      "point": "1039",
      "action": "down",
      "upType": 1,
      "isReport": false,
      "waitConfrim": false
    },
    {
      "point": "1041",
      "action": "up",
      "upType": 1,
      "isReport": false,
      "waitConfrim": false
    },
    {
      "point": "1027",
      "action": "down",
      "upType": 1,
      "isReport": false,
      "waitConfrim": false
    }
  ],
  "carType": "0",
  "systemName": "mes",
  "score": 10000
}
[2026-02-24 10:35:21] POST http://10.177.117.1:8000/agvapi/taskCreate
[2026-02-24 10:35:21] {
  "points": [
    {
      "point": "1052",
      "action": "up",
      "upType": 1,
      "isReport": false,
      "waitConfrim": false
    },
    {
      "point": "1039",
      "action": "down",
      "upType": 1,
      "isReport": false,
      "waitConfrim": false
    },
    {
      "point": "1041",
      "action": "up",
      "upType": 1,
      "isReport": false,
      "waitConfrim": false
    },
    {
      "point": "1027",
      "action": "down",
      "upType": 1,
      "isReport": false,
      "waitConfrim": false
    }
  ],
  "carType": "0",
  "systemName": "mes",
  "score": 10000
}
[2026-02-24 12:35:00] POST http://10.177.117.1:8000/agvapi/taskCreate
[2026-02-24 12:35:00] {
  "points": [
    {
      "point": "1052",
      "action": "up",
      "upType": 1,
      "isReport": false,
      "waitConfrim": false
    },
    {
      "point": "991",
      "action": "down",
      "upType": 1,
      "isReport": false,
      "waitConfrim": false
    },
    {
      "point": "989",
      "action": "up",
      "upType": 1,
      "isReport": false,
      "waitConfrim": false
    },
    {
      "point": "1027",
      "action": "down",
      "upType": 1,
      "isReport": false,
      "waitConfrim": false
    }
  ],
  "carType": "0",
  "systemName": "mes",
  "score": 10000
}
[2026-02-24 12:36:08] POST http://10.177.117.1:8000/agvapi/taskCreate
[2026-02-24 12:36:08] {
  "points": [
    {
      "point": "1052",
      "action": "up",
      "upType": 1,
      "isReport": false,
      "waitConfrim": false
    },
    {
      "point": "991",
      "action": "down",
      "upType": 1,
      "isReport": false,
      "waitConfrim": false
    },
    {
      "point": "989",
      "action": "up",
      "upType": 1,
      "isReport": false,
      "waitConfrim": false
    },
    {
      "point": "1027",
      "action": "down",
      "upType": 1,
      "isReport": false,
      "waitConfrim": false
    }
  ],
  "carType": "0",
  "systemName": "mes",
  "score": 10000
}
[2026-02-24 12:59:59] POST http://10.177.117.1:8000/agvapi/taskCreate
[2026-02-24 12:59:59] {
  "points": [
    {
      "point": "263",
      "action": "up",
      "upType": 1,
      "isReport": false,
      "waitConfrim": false
    },
    {
      "point": "1384",
      "action": "down",
      "upType": 1,
      "isReport": false,
      "waitConfrim": false
    },
    {
      "point": "9",
      "action": "up",
      "upType": 1,
      "isReport": false,
      "waitConfrim": false
    },
    {
      "point": "1030",
      "action": "down",
      "upType": 1,
      "isReport": false,
      "waitConfrim": false
    }
  ],
  "carType": "0",
  "systemName": "mes",
  "score": 10000
}
[2026-02-24 13:15:54] POST http://10.177.117.1:8000/agvapi/taskCreate
[2026-02-24 13:15:54] {
  "points": [
    {
      "point": "263",
      "action": "up",
      "upType": 1,
      "isReport": false,
      "waitConfrim": false
    },
    {
      "point": "1063",
      "action": "down",
      "upType": 1,
      "isReport": false,
      "waitConfrim": false
    },
    {
      "point": "1065",
      "action": "up",
      "upType": 1,
      "isReport": false,
      "waitConfrim": false
    },
    {
      "point": "1027",
      "action": "down",
      "upType": 1,
      "isReport": false,
      "waitConfrim": false
    }
  ],
  "carType": "0",
  "systemName": "mes",
  "score": 10000
}
[2026-02-24 13:17:04] POST http://10.177.117.1:8000/agvapi/taskCreate
[2026-02-24 13:17:04] {
  "points": [
    {
      "point": "1052",
      "action": "up",
      "upType": 1,
      "isReport": false,
      "waitConfrim": false
    },
    {
      "point": "1384",
      "action": "down",
      "upType": 1,
      "isReport": false,
      "waitConfrim": false
    },
    {
      "point": "9",
      "action": "up",
      "upType": 1,
      "isReport": false,
      "waitConfrim": false
    },
    {
      "point": "1030",
      "action": "down",
      "upType": 1,
      "isReport": false,
      "waitConfrim": false
    }
  ],
  "carType": "0",
  "systemName": "mes",
  "score": 10000
}
[2026-02-24 13:24:41] POST http://10.177.117.1:8000/agvapi/taskCreate
[2026-02-24 13:24:41] {
  "points": [
    {
      "point": "263",
      "action": "up",
      "upType": 1,
      "isReport": false,
      "waitConfrim": false
    },
    {
      "point": "1039",
      "action": "down",
      "upType": 1,
      "isReport": false,
      "waitConfrim": false
    },
    {
      "point": "1041",
      "action": "up",
      "upType": 1,
      "isReport": false,
      "waitConfrim": false
    },
    {
      "point": "1033",
      "action": "down",
      "upType": 1,
      "isReport": false,
      "waitConfrim": false
    }
  ],
  "carType": "0",
  "systemName": "mes",
  "score": 10000
}
[2026-02-24 13:50:21] POST http://10.177.117.1:8000/agvapi/taskCreate
[2026-02-24 13:50:21] {
  "points": [
    {
      "point": "263",
      "action": "up",
      "upType": 1,
      "isReport": false,
      "waitConfrim": false
    },
    {
      "point": "1384",
      "action": "down",
      "upType": 1,
      "isReport": false,
      "waitConfrim": false
    },
    {
      "point": "9",
      "action": "up",
      "upType": 1,
      "isReport": false,
      "waitConfrim": false
    },
    {
      "point": "1027",
      "action": "down",
      "upType": 1,
      "isReport": false,
      "waitConfrim": false
    }
  ],
  "carType": "0",
  "systemName": "mes",
  "score": 10000
}
[2026-02-24 14:20:33] POST http://10.177.117.1:8000/agvapi/taskCreate
[2026-02-24 14:20:33] {
  "points": [
    {
      "point": "263",
      "action": "up",
      "upType": 1,
      "isReport": false,
      "waitConfrim": false
    },
    {
      "point": "1384",
      "action": "down",
      "upType": 1,
      "isReport": false,
      "waitConfrim": false
    },
    {
      "point": "9",
      "action": "up",
      "upType": 1,
      "isReport": false,
      "waitConfrim": false
    },
    {
      "point": "1030",
      "action": "down",
      "upType": 1,
      "isReport": false,
      "waitConfrim": false
    }
  ],
  "carType": "0",
  "systemName": "mes",
  "score": 10000
}
[2026-02-24 14:55:14] POST http://10.177.117.1:8000/agvapi/taskCreate
[2026-02-24 14:55:14] {
  "points": [
    {
      "point": "1052",
      "action": "up",
      "upType": 1,
      "isReport": false,
      "waitConfrim": false
    },
    {
      "point": "991",
      "action": "down",
      "upType": 1,
      "isReport": false,
      "waitConfrim": false
    },
    {
      "point": "989",
      "action": "up",
      "upType": 1,
      "isReport": false,
      "waitConfrim": false
    },
    {
      "point": "1033",
      "action": "down",
      "upType": 1,
      "isReport": false,
      "waitConfrim": false
    }
  ],
  "carType": "0",
  "systemName": "mes",
  "score": 10000
}
[2026-02-24 15:21:43] POST http://10.177.117.1:8000/agvapi/taskCreate
[2026-02-24 15:21:43] {
  "points": [
    {
      "point": "1052",
      "action": "up",
      "upType": 1,
      "isReport": false,
      "waitConfrim": false
    },
    {
      "point": "1037",
      "action": "down",
      "upType": 1,
      "isReport": false,
      "waitConfrim": false
    },
    {
      "point": "1067",
      "action": "up",
      "upType": 1,
      "isReport": false,
      "waitConfrim": false
    },
    {
      "point": "1033",
      "action": "down",
      "upType": 1,
      "isReport": false,
      "waitConfrim": false
    }
  ],
  "carType": "0",
  "systemName": "mes",
  "score": 10000
}
[2026-02-24 15:41:21] POST http://10.177.117.1:8000/agvapi/taskCreate
[2026-02-24 15:41:21] {
  "points": [
    {
      "point": "263",
      "action": "up",
      "upType": 1,
      "isReport": false,
      "waitConfrim": false
    },
    {
      "point": "1384",
      "action": "down",
      "upType": 1,
      "isReport": false,
      "waitConfrim": false
    },
    {
      "point": "9",
      "action": "up",
      "upType": 1,
      "isReport": false,
      "waitConfrim": false
    },
    {
      "point": "1030",
      "action": "down",
      "upType": 1,
      "isReport": false,
      "waitConfrim": false
    }
  ],
  "carType": "0",
  "systemName": "mes",
  "score": 10000
}
[2026-02-24 16:06:41] POST http://10.177.117.1:8000/agvapi/taskCreate
[2026-02-24 16:06:41] {
  "points": [
    {
      "point": "1052",
      "action": "up",
      "upType": 1,
      "isReport": false,
      "waitConfrim": false
    },
    {
      "point": "1384",
      "action": "down",
      "upType": 1,
      "isReport": false,
      "waitConfrim": false
    },
    {
      "point": "9",
      "action": "up",
      "upType": 1,
      "isReport": false,
      "waitConfrim": false
    },
    {
      "point": "1030",
      "action": "down",
      "upType": 1,
      "isReport": false,
      "waitConfrim": false
    }
  ],
  "carType": "0",
  "systemName": "mes",
  "score": 10000
}
[2026-02-24 16:48:30] POST http://10.177.117.1:8000/agvapi/taskCreate
[2026-02-24 16:48:30] {
  "points": [
    {
      "point": "263",
      "action": "up",
      "upType": 1,
      "isReport": false,
      "waitConfrim": false
    },
    {
      "point": "1384",
      "action": "down",
      "upType": 1,
      "isReport": false,
      "waitConfrim": false
    },
    {
      "point": "9",
      "action": "up",
      "upType": 1,
      "isReport": false,
      "waitConfrim": false
    },
    {
      "point": "1027",
      "action": "down",
      "upType": 1,
      "isReport": false,
      "waitConfrim": false
    }
  ],
  "carType": "0",
  "systemName": "mes",
  "score": 10000
}
[2026-02-24 16:48:36] POST http://10.177.117.1:8000/agvapi/taskCreate
[2026-02-24 16:48:36] {
  "points": [
    {
      "point": "263",
      "action": "up",
      "upType": 1,
      "isReport": false,
      "waitConfrim": false
    },
    {
      "point": "1384",
      "action": "down",
      "upType": 1,
      "isReport": false,
      "waitConfrim": false
    },
    {
      "point": "9",
      "action": "up",
      "upType": 1,
      "isReport": false,
      "waitConfrim": false
    },
    {
      "point": "1027",
      "action": "down",
      "upType": 1,
      "isReport": false,
      "waitConfrim": false
    }
  ],
  "carType": "0",
  "systemName": "mes",
  "score": 10000
}
[2026-02-24 17:42:19] POST http://10.177.117.1:8000/agvapi/taskCreate
[2026-02-24 17:42:19] {
  "points": [
    {
      "point": "1052",
      "action": "up",
      "upType": 1,
      "isReport": false,
      "waitConfrim": false
    },
    {
      "point": "1384",
      "action": "down",
      "upType": 1,
      "isReport": false,
      "waitConfrim": false
    },
    {
      "point": "9",
      "action": "up",
      "upType": 1,
      "isReport": false,
      "waitConfrim": false
    },
    {
      "point": "1033",
      "action": "down",
      "upType": 1,
      "isReport": false,
      "waitConfrim": false
    }
  ],
  "carType": "0",
  "systemName": "mes",
  "score": 10000
}
[2026-02-24 18:18:21] POST http://10.177.117.1:8000/agvapi/taskCreate
[2026-02-24 18:18:21] {
  "points": [
    {
      "point": "263",
      "action": "up",
      "upType": 1,
      "isReport": false,
      "waitConfrim": false
    },
    {
      "point": "1384",
      "action": "down",
      "upType": 1,
      "isReport": false,
      "waitConfrim": false
    },
    {
      "point": "9",
      "action": "up",
      "upType": 1,
      "isReport": false,
      "waitConfrim": false
    },
    {
      "point": "1030",
      "action": "down",
      "upType": 1,
      "isReport": false,
      "waitConfrim": false
    }
  ],
  "carType": "0",
  "systemName": "mes",
  "score": 10000
}
[2026-02-24 18:54:20] POST http://10.177.117.1:8000/agvapi/taskCreate
[2026-02-24 18:54:20] {
  "points": [
    {
      "point": "1052",
      "action": "up",
      "upType": 1,
      "isReport": false,
      "waitConfrim": false
    },
    {
      "point": "1384",
      "action": "down",
      "upType": 1,
      "isReport": false,
      "waitConfrim": false
    },
    {
      "point": "9",
      "action": "up",
      "upType": 1,
      "isReport": false,
      "waitConfrim": false
    },
    {
      "point": "1027",
      "action": "down",
      "upType": 1,
      "isReport": false,
      "waitConfrim": false
    }
  ],
  "carType": "0",
  "systemName": "mes",
  "score": 10000
}
[2026-02-24 19:04:01] POST http://10.177.117.1:8000/agvapi/taskCreate
[2026-02-24 19:04:01] {
  "points": [
    {
      "point": "1052",
      "action": "up",
      "upType": 1,
      "isReport": false,
      "waitConfrim": false
    },
    {
      "point": "1039",
      "action": "down",
      "upType": 1,
      "isReport": false,
      "waitConfrim": false
    },
    {
      "point": "1041",
      "action": "up",
      "upType": 1,
      "isReport": false,
      "waitConfrim": false
    },
    {
      "point": "1033",
      "action": "down",
      "upType": 1,
      "isReport": false,
      "waitConfrim": false
    }
  ],
  "carType": "0",
  "systemName": "mes",
  "score": 10000
}
[2026-02-24 19:28:42] POST http://10.177.117.1:8000/agvapi/taskCreate
[2026-02-24 19:28:42] {
  "points": [
    {
      "point": "263",
      "action": "up",
      "upType": 1,
      "isReport": false,
      "waitConfrim": false
    },
    {
      "point": "1384",
      "action": "down",
      "upType": 1,
      "isReport": false,
      "waitConfrim": false
    },
    {
      "point": "9",
      "action": "up",
      "upType": 1,
      "isReport": false,
      "waitConfrim": false
    },
    {
      "point": "1030",
      "action": "down",
      "upType": 1,
      "isReport": false,
      "waitConfrim": false
    }
  ],
  "carType": "0",
  "systemName": "mes",
  "score": 10000
}
[2026-02-24 19:33:19] POST http://10.177.117.1:8000/agvapi/taskCreate
[2026-02-24 19:33:19] {
  "points": [
    {
      "point": "1052",
      "action": "up",
      "upType": 1,
      "isReport": false,
      "waitConfrim": false
    },
    {
      "point": "1039",
      "action": "down",
      "upType": 1,
      "isReport": false,
      "waitConfrim": false
    },
    {
      "point": "1041",
      "action": "up",
      "upType": 1,
      "isReport": false,
      "waitConfrim": false
    },
    {
      "point": "1027",
      "action": "down",
      "upType": 1,
      "isReport": false,
      "waitConfrim": false
    }
  ],
  "carType": "0",
  "systemName": "mes",
  "score": 10000
}
[2026-02-24 20:22:57] POST http://10.177.117.1:8000/agvapi/taskCreate
[2026-02-24 20:22:57] {
  "points": [
    {
      "point": "263",
      "action": "up",
      "upType": 1,
      "isReport": false,
      "waitConfrim": false
    },
    {
      "point": "175",
      "action": "down",
      "upType": 1,
      "isReport": false,
      "waitConfrim": false
    },
    {
      "point": "1061",
      "action": "up",
      "upType": 1,
      "isReport": false,
      "waitConfrim": false
    },
    {
      "point": "1033",
      "action": "down",
      "upType": 1,
      "isReport": false,
      "waitConfrim": false
    }
  ],
  "carType": "0",
  "systemName": "mes",
  "score": 10000
}
[2026-02-24 20:30:25] POST http://10.177.117.1:8000/agvapi/taskCreate
[2026-02-24 20:30:25] {
  "points": [
    {
      "point": "1052",
      "action": "up",
      "upType": 1,
      "isReport": false,
      "waitConfrim": false
    },
    {
      "point": "175",
      "action": "down",
      "upType": 1,
      "isReport": false,
      "waitConfrim": false
    },
    {
      "point": "1061",
      "action": "up",
      "upType": 1,
      "isReport": false,
      "waitConfrim": false
    },
    {
      "point": "1027",
      "action": "down",
      "upType": 1,
      "isReport": false,
      "waitConfrim": false
    }
  ],
  "carType": "0",
  "systemName": "mes",
  "score": 10000
}
